2026-05-25 14:30:02,527 INFO [ADVISOR-SCHED] will-us-withdraw-from-nato-bef... near stop-loss: price=0.0695 stop=0.0595 distance=14.4%
2026-05-25 14:30:20,283 INFO [ADVISOR] will-renan-santos-finish-in-second-place... P&L=143% >= 50%, suppressing non-critical alert
2026-05-25 14:30:36,022 INFO [ADVISOR] will-marco-rubio-win-the-2028-us-preside... cooldown 90m < 240m, suppressing
⚠️ <b>ADVISOR ANALYSIS</b>

📌 Will Renan Santos finish in second place in the first r...

💵 Entry: $0.061 | Current: $0.148 | P&L: +143.4%
🤖 Bot estimated P: 15% | 🔍 Hermes P: 5%

📊 Factors:
   • Major candidate disqualification (e.g., Lula or Bolsonaro ineligible) creating a fragmented field
   • Renan Santos gaining a major party endorsement or coalition backing

⚡ Status: YELLOW
---
✅ <b>ADVISOR ANALYSIS</b>

📌 Will Marco Rubio win the 2028 US Presidential Election?...

💵 Entry: $0.141 | Current: $0.135 | P&L: -4.6%
🤖 Bot estimated P: 28% | 🔍 Hermes P: 15%

✅ ALIGNED - thesis confirmed

📊 Factors:
   • Donald Trump&#x27;s political future and whether he runs for president in 2028
   • Rubio&#x27;s performance in early primary polls and ability to secure establishment support

⚡ Status: GREEN
---
⚠️ <b>ADVISOR ANALYSIS</b>

📌 Will the US acquire part of Greenland in 2026?...

💵 Entry: $0.150 | Current: $0.125 | P&L: -16.7%
🤖 Bot estimated P: 35% | 🔍 Hermes P: 3%

📊 Factors:
   • Greenlandic or Danish government signals willingness to negotiate or hold a referendum on US acquisition
   • A significant geopolitical crisis in the Arctic that compels the US to assert direct control over Greenland

⚡ Status: YELLOW
---
⚠️ <b>ADVISOR ANALYSIS</b>

📌 Will US withdraw from NATO before 2027?...

💵 Entry: $0.085 | Current: $0.070 | P&L: -18.2%
🤖 Bot estimated P: 12% | 🔍 Hermes P: 7%

✅ ALIGNED - thesis confirmed

📊 Factors:
   • 2024 US presidential election outcome and potential second Trump term increasing withdrawal risk
   • Legal and Congressional obstacles to unilateral NATO withdrawal, including treaty termination procedures

⚡ Status: YELLOW
---

✅ Analyzed 4 positions
2026-05-25 15:00:02,979 INFO [ADVISOR-SCHED] will-renan-santos-finish-in-se... near stop-loss: price=0.1435 stop=0.1260 distance=12.2%
2026-05-25 15:00:02,979 INFO [ADVISOR-SCHED] will-us-withdraw-from-nato-bef... near stop-loss: price=0.0695 stop=0.0595 distance=14.4%
2026-05-25 15:00:24,798 INFO [ADVISOR] will-renan-santos-finish-in-second-place... P&L=146% >= 50%, suppressing non-critical alert
⚠️ <b>ADVISOR ANALYSIS</b>

📌 Will Renan Santos finish in second place in the first r...

💵 Entry: $0.061 | Current: $0.150 | P&L: +145.9%
🤖 Bot estimated P: 15% | 🔍 Hermes P: 4%

📊 Factors:
   • If Lula or Bolsonaro are ineligible to run, the competition for second place broadens but still includes stronger candidates than Renan
   • Renan Santos could gain relevance if he secures support from a major political party or forms a significant coalition

⚡ Status: YELLOW
---
⚠️ <b>ADVISOR ANALYSIS</b>

📌 Will Marco Rubio win the 2028 US Presidential Election?...

💵 Entry: $0.141 | Current: $0.135 | P&L: -4.6%
🤖 Bot estimated P: 28% | 🔍 Hermes P: 11%

✅ ALIGNED - thesis confirmed

📊 Factors:
   • Trump&#x27;s endorsement or opposition in the Republican primary
   • Performance in early primary states like Iowa and New Hampshire

⚡ Status: YELLOW
---
⚠️ <b>ADVISOR ANALYSIS</b>

📌 Will the US acquire part of Greenland in 2026?...

💵 Entry: $0.150 | Current: $0.125 | P&L: -16.7%
🤖 Bot estimated P: 35% | 🔍 Hermes P: 10%

✅ ALIGNED - thesis confirmed

📊 Factors:
   • Outcome of the 2024 U.S. presidential election and willingness to pursue territorial acquisition
   • Progress in Greenland&#x27;s independence movement and subsequent bilateral negotiations with the U.S.

⚡ Status: YELLOW
---
⚠️ <b>ADVISOR ANALYSIS</b>

📌 Will US withdraw from NATO before 2027?...

💵 Entry: $0.085 | Current: $0.070 | P&L: -18.2%
🤖 Bot estimated P: 12% | 🔍 Hermes P: 4%

✅ ALIGNED - thesis confirmed

📊 Factors:
   • 2024 US presidential election outcome and subsequent foreign policy direction
   • NATO allies&#x27; compliance with US demands for increased defense spending commitments

⚡ Status: YELLOW
---

✅ Analyzed 4 positions
2026-05-25 15:30:02,755 INFO [ADVISOR-SCHED] will-renan-santos-finish-in-se... near stop-loss: price=0.1440 stop=0.1260 distance=12.5%
2026-05-25 15:30:02,756 INFO [ADVISOR-SCHED] will-us-withdraw-from-nato-bef... near stop-loss: price=0.0695 stop=0.0595 distance=14.4%
⚠️ <b>ADVISOR ANALYSIS</b>

📌 Will Renan Santos finish in second place in the first r...

💵 Entry: $0.061 | Current: $0.143 | P&L: +135.2%
🤖 Bot estimated P: 15% | 🔍 Hermes P: 10%

✅ ALIGNED - thesis confirmed

📊 Factors:
   • Eligibility of Lula and Bolsonaro: if either is barred from running, the second-place spot becomes more contested and could open up for a lesser-known candidate like Renan Santos.
   • Coalition support: whether Renan Santos secures the backing of a major party or forms a strong alliance that boosts his name recognition and campaign resources.

⚡ Status: YELLOW
---
⚠️ <b>ADVISOR ANALYSIS</b>

📌 Will Marco Rubio win the 2028 US Presidential Election?...

💵 Entry: $0.141 | Current: $0.135 | P&L: -4.6%
🤖 Bot estimated P: 28% | 🔍 Hermes P: 12%

✅ ALIGNED - thesis confirmed

📊 Factors:
   • Trump&#x27;s endorsement or opposition in the 2028 Republican primary could significantly boost or hinder Rubio&#x27;s chances
   • Competition from strong alternatives like Ron DeSantis or Nikki Haley could split the moderate-conservative vote and block Rubio&#x27;s path to nomination

⚡ Status: YELLOW
---
⚠️ <b>ADVISOR ANALYSIS</b>

📌 Will the US acquire part of Greenland in 2026?...

💵 Entry: $0.150 | Current: $0.125 | P&L: -16.7%
🤖 Bot estimated P: 35% | 🔍 Hermes P: 8%

✅ ALIGNED - thesis confirmed

📊 Factors:
   • Outcome of the 2024 US presidential election and the new administration&#x27;s stance on Arctic expansion
   • Progress of Greenland&#x27;s independence movement and potential direct negotiations with the US without Denmark&#x27;s consent

⚡ Status: YELLOW
---
⚠️ <b>ADVISOR ANALYSIS</b>

📌 Will US withdraw from NATO before 2027?...

💵 Entry: $0.085 | Current: $0.070 | P&L: -18.2%
🤖 Bot estimated P: 12% | 🔍 Hermes P: 6%

✅ ALIGNED - thesis confirmed

📊 Factors:
   • Outcome of 2024 US presidential election and potential second Trump term intensifying withdrawal threats
   • Legal and legislative hurdles such as the NATO Support Act requiring congressional approval for withdrawal

⚡ Status: YELLOW
---

✅ Analyzed 4 positions
2026-05-25 16:00:02,747 INFO [ADVISOR-SCHED] will-renan-santos-finish-in-se... near stop-loss: price=0.1425 stop=0.1260 distance=11.6%
2026-05-25 16:00:02,748 INFO [ADVISOR-SCHED] will-us-withdraw-from-nato-bef... near stop-loss: price=0.0695 stop=0.0595 distance=14.4%
⚠️ <b>ADVISOR ANALYSIS</b>

📌 Will Renan Santos finish in second place in the first r...

💵 Entry: $0.061 | Current: $0.144 | P&L: +136.1%
🤖 Bot estimated P: 15% | 🔍 Hermes P: 12%

✅ ALIGNED - thesis confirmed

📊 Factors:
   • Bolsonaro&#x27;s legal eligibility to run in 2026; if barred, the evangelical vote may consolidate behind Santos, boosting his chances for second place
   • Lula&#x27;s decision to run or his political strength; if Lula does not run or loses support, the race becomes more fragmented, potentially opening a path for Santos

⚡ Status: YELLOW
---
⚠️ <b>ADVISOR ANALYSIS</b>

📌 Will Marco Rubio win the 2028 US Presidential Election?...

💵 Entry: $0.141 | Current: $0.135 | P&L: -4.6%
🤖 Bot estimated P: 28% | 🔍 Hermes P: 10%

✅ ALIGNED - thesis confirmed

📊 Factors:
   • If Donald Trump decides to run in 2028, Rubio&#x27;s nomination chances drop significantly as Trump remains the dominant figure in the GOP.
   • Rubio&#x27;s performance in early primary states and his ability to consolidate moderate and conservative voters against rivals like DeSantis or Haley.

⚡ Status: YELLOW
---
⚠️ <b>ADVISOR ANALYSIS</b>

📌 Will the US acquire part of Greenland in 2026?...

💵 Entry: $0.150 | Current: $0.125 | P&L: -16.7%
🤖 Bot estimated P: 35% | 🔍 Hermes P: 8%

✅ ALIGNED - thesis confirmed

📊 Factors:
   • A US president or major party nominee explicitly makes Greenland acquisition a key foreign policy goal in 2025-2026
   • Greenland&#x27;s government initiates a referendum on closer ties with the US, potentially leading to a purchase or association agreement

⚡ Status: YELLOW
---
⚠️ <b>ADVISOR ANALYSIS</b>

📌 Will US withdraw from NATO before 2027?...

💵 Entry: $0.085 | Current: $0.070 | P&L: -18.2%
🤖 Bot estimated P: 12% | 🔍 Hermes P: 3%

✅ ALIGNED - thesis confirmed

📊 Factors:
   • A 2024 U.S. presidential victory by a candidate explicitly committed to withdrawing from NATO, who then uses executive authority to initiate a withdrawal process with limited Congressional pushback.
   • A severe breakdown in NATO burden-sharing, such as persistent failure by European allies to meet defense spending targets, leading to a U.S. legislative proposal or executive order to exit the alliance by 2027.

⚡ Status: YELLOW
---

✅ Analyzed 4 positions
2026-05-25 16:30:03,163 INFO [ADVISOR-SCHED] will-renan-santos-finish-in-se... near stop-loss: price=0.1425 stop=0.1260 distance=11.6%
2026-05-25 16:30:03,164 INFO [ADVISOR-SCHED] will-us-withdraw-from-nato-bef... near stop-loss: price=0.0695 stop=0.0595 distance=14.4%
2026-05-25 16:30:13,746 INFO [ADVISOR] will-renan-santos-finish-in-second-place... P&L=134% >= 50%, suppressing non-critical alert
⚠️ <b>ADVISOR ANALYSIS</b>

📌 Will Renan Santos finish in second place in the first r...

💵 Entry: $0.061 | Current: $0.142 | P&L: +133.6%
🤖 Bot estimated P: 15% | 🔍 Hermes P: 7%

📊 Factors:
   • Bolsonaro endorses a more viable right-wing candidate like Tarcísio de Freitas, crowding out Renan Santos
   • A strong centrist or third-party candidate emerges as the main opposition to Lula, reducing Santos&#x27;s share

⚡ Status: YELLOW
---
⚠️ <b>ADVISOR ANALYSIS</b>

📌 Will Marco Rubio win the 2028 US Presidential Election?...

💵 Entry: $0.141 | Current: $0.135 | P&L: -4.6%
🤖 Bot estimated P: 28% | 🔍 Hermes P: 10%

✅ ALIGNED - thesis confirmed

📊 Factors:
   • Trump&#x27;s 2024 election outcome and his endorsement power for 2028 Republican primary
   • Potential entry of stronger GOP candidates like DeSantis or Vance, diluting Rubio&#x27;s path

⚡ Status: YELLOW
---
⚠️ <b>ADVISOR ANALYSIS</b>

📌 Will the US acquire part of Greenland in 2026?...

💵 Entry: $0.150 | Current: $0.125 | P&L: -16.7%
🤖 Bot estimated P: 35% | 🔍 Hermes P: 8%

✅ ALIGNED - thesis confirmed

📊 Factors:
   • US presidential election outcome in 2024 determining expansionist foreign policy
   • Greenlandic independence movement or referendum leading to closer ties with the US

⚡ Status: YELLOW
---
⚠️ <b>ADVISOR ANALYSIS</b>

📌 Will US withdraw from NATO before 2027?...

💵 Entry: $0.085 | Current: $0.070 | P&L: -18.2%
🤖 Bot estimated P: 12% | 🔍 Hermes P: 5%

✅ ALIGNED - thesis confirmed

📊 Factors:
   • Trump winning 2024 election and actively pushing for NATO withdrawal despite congressional opposition
   • NATO allies consistently failing to meet 2% GDP defense spending targets, fueling US frustration and political pressure

⚡ Status: YELLOW
---

✅ Analyzed 4 positions
2026-05-25 17:00:03,379 INFO [ADVISOR-SCHED] will-renan-santos-finish-in-se... near stop-loss: price=0.1385 stop=0.1260 distance=9.0%
2026-05-25 17:00:03,379 INFO [ADVISOR-SCHED] will-us-withdraw-from-nato-bef... near stop-loss: price=0.0685 stop=0.0595 distance=13.1%
2026-05-25 17:00:14,561 INFO [ADVISOR] will-renan-santos-finish-in-second-place... P&L=134% >= 50%, suppressing non-critical alert
2026-05-25 17:00:27,389 INFO [ADVISOR] will-marco-rubio-win-the-2028-us-preside... cooldown 240m < 240m, suppressing
⚠️ <b>ADVISOR ANALYSIS</b>

📌 Will Renan Santos finish in second place in the first r...

💵 Entry: $0.061 | Current: $0.142 | P&L: +133.6%
🤖 Bot estimated P: 15% | 🔍 Hermes P: 3%

📊 Factors:
   • Bolsonaro&#x27;s eligibility to run in 2026 and its impact on right-wing vote consolidation
   • Renan Santos&#x27; ability to secure significant campaign funding and media exposure from evangelical networks

⚡ Status: YELLOW
---
⚠️ <b>ADVISOR ANALYSIS</b>

📌 Will Marco Rubio win the 2028 US Presidential Election?...

💵 Entry: $0.141 | Current: $0.135 | P&L: -4.6%
🤖 Bot estimated P: 28% | 🔍 Hermes P: 7%

📊 Factors:
   • Trump&#x27;s eligibility for a third term if he wins 2024, or his candidacy if he loses 2024, will be the single biggest factor determining Rubio&#x27;s path to nomination.
   • Rubio&#x27;s ability to differentiate himself from other potential conservative candidates like DeSantis, who has stronger national recognition after 2024.

⚡ Status: YELLOW
---
⚠️ <b>ADVISOR ANALYSIS</b>

📌 Will the US acquire part of Greenland in 2026?...

💵 Entry: $0.150 | Current: $0.125 | P&L: -16.7%
🤖 Bot estimated P: 35% | 🔍 Hermes P: 10%

✅ ALIGNED - thesis confirmed

📊 Factors:
   • Shift in Danish government stance on territorial integrity and ceding sovereignty
   • Emergence of a major US strategic interest (e.g., rare earth dependency or Arctic military threat) that overrides diplomatic norms

⚡ Status: YELLOW
---
⚠️ <b>ADVISOR ANALYSIS</b>

📌 Will US withdraw from NATO before 2027?...

💵 Entry: $0.085 | Current: $0.070 | P&L: -18.2%
🤖 Bot estimated P: 12% | 🔍 Hermes P: 5%

✅ ALIGNED - thesis confirmed

📊 Factors:
   • Outcome of 2024 US presidential election and subsequent policy on NATO
   • Potential shift in US strategic interests due to China or Russia tensions

⚡ Status: YELLOW
---

✅ Analyzed 4 positions
2026-05-25 17:30:02,777 INFO [ADVISOR-SCHED] will-renan-santos-finish-in-se... near stop-loss: price=0.1400 stop=0.1260 distance=10.0%
2026-05-25 17:30:02,777 INFO [ADVISOR-SCHED] will-us-withdraw-from-nato-bef... near stop-loss: price=0.0685 stop=0.0595 distance=13.1%
2026-05-25 17:30:23,784 INFO [ADVISOR] will-renan-santos-finish-in-second-place... P&L=128% >= 50%, suppressing non-critical alert
2026-05-25 17:30:40,887 INFO [ADVISOR] will-the-us-acquire-any-part-of-greenlan... cooldown 180m < 240m, suppressing
⚠️ <b>ADVISOR ANALYSIS</b>

📌 Will Renan Santos finish in second place in the first r...

💵 Entry: $0.061 | Current: $0.139 | P&L: +127.9%
🤖 Bot estimated P: 15% | 🔍 Hermes P: 8%

📊 Factors:
   • If Bolsonaro&#x27;s ineligibility is upheld, the right-wing vote may coalesce around a single candidate; Renan Santos could emerge if he secures key endorsements.
   • A severe economic downturn under Lula could erode his support, making second place more attainable for a relative unknown like Renan Santos.

⚡ Status: YELLOW
---
⚠️ <b>ADVISOR ANALYSIS</b>

📌 Will Marco Rubio win the 2028 US Presidential Election?...

💵 Entry: $0.141 | Current: $0.135 | P&L: -4.6%
🤖 Bot estimated P: 28% | 🔍 Hermes P: 12%

✅ ALIGNED - thesis confirmed

📊 Factors:
   • Trump&#x27;s potential 2028 candidacy drawing support away from Rubio
   • Republican primary competition from DeSantis, Haley, or other rising figures

⚡ Status: YELLOW
---
⚠️ <b>ADVISOR ANALYSIS</b>

📌 Will the US acquire part of Greenland in 2026?...

💵 Entry: $0.150 | Current: $0.125 | P&L: -16.7%
🤖 Bot estimated P: 35% | 🔍 Hermes P: 3%

📊 Factors:
   • Shift in US foreign policy towards Arctic expansion under a new administration
   • Greenland&#x27;s independence movement and potential willingness to negotiate resource or security deals

⚡ Status: YELLOW
---
⚠️ <b>ADVISOR ANALYSIS</b>

📌 Will US withdraw from NATO before 2027?...

💵 Entry: $0.085 | Current: $0.069 | P&L: -19.4%
🤖 Bot estimated P: 12% | 🔍 Hermes P: 6%

✅ ALIGNED - thesis confirmed

📊 Factors:
   • US presidential election outcome in 2024
   • Escalation of Russia-NATO tensions leading to a direct conflict

⚡ Status: YELLOW
---

✅ Analyzed 4 positions
2026-05-25 18:00:03,503 INFO [ADVISOR-SCHED] will-renan-santos-finish-in-se... near stop-loss: price=0.1410 stop=0.1260 distance=10.6%
2026-05-25 18:00:03,503 INFO [ADVISOR-SCHED] will-us-withdraw-from-nato-bef... near stop-loss: price=0.0685 stop=0.0595 distance=13.1%
⚠️ <b>ADVISOR ANALYSIS</b>

📌 Will Renan Santos finish in second place in the first r...

💵 Entry: $0.061 | Current: $0.140 | P&L: +129.5%
🤖 Bot estimated P: 15% | 🔍 Hermes P: 10%

✅ ALIGNED - thesis confirmed

📊 Factors:
   • Lula&#x27;s eligibility and campaign strength
   • Unity of opposition behind a single candidate

⚡ Status: YELLOW
---
✅ <b>ADVISOR ANALYSIS</b>

📌 Will Marco Rubio win the 2028 US Presidential Election?...

💵 Entry: $0.141 | Current: $0.135 | P&L: -4.6%
🤖 Bot estimated P: 28% | 🔍 Hermes P: 14%

✅ ALIGNED - thesis confirmed

📊 Factors:
   • Donald Trump&#x27;s decision to run for president in 2028
   • GOP primary dynamics and Rubio&#x27;s ability to consolidate establishment support

⚡ Status: GREEN
---
⚠️ <b>ADVISOR ANALYSIS</b>

📌 Will the US acquire part of Greenland in 2026?...

💵 Entry: $0.150 | Current: $0.125 | P&L: -16.7%
🤖 Bot estimated P: 35% | 🔍 Hermes P: 8%

✅ ALIGNED - thesis confirmed

📊 Factors:
   • Shift in US foreign policy towards Arctic expansion under a new administration post-2024 election
   • Greenland&#x27;s internal political shift towards economic dependence on US via resource extraction deals

⚡ Status: YELLOW
---
⚠️ <b>ADVISOR ANALYSIS</b>

📌 Will US withdraw from NATO before 2027?...

💵 Entry: $0.085 | Current: $0.069 | P&L: -19.4%
🤖 Bot estimated P: 12% | 🔍 Hermes P: 4%

✅ ALIGNED - thesis confirmed

📊 Factors:
   • US presidential election outcome in 2024 and composition of Congress
   • NATO&#x27;s ability to adapt to US demands or a major security crisis altering alliance dynamics

⚡ Status: YELLOW
---

✅ Analyzed 4 positions
2026-05-25 18:30:02,479 INFO [ADVISOR-SCHED] will-renan-santos-finish-in-se... near stop-loss: price=0.1420 stop=0.1260 distance=11.3%
2026-05-25 18:30:02,479 INFO [ADVISOR-SCHED] will-us-withdraw-from-nato-bef... near stop-loss: price=0.0685 stop=0.0595 distance=13.1%
⚠️ <b>ADVISOR ANALYSIS</b>

📌 Will Renan Santos finish in second place in the first r...

💵 Entry: $0.061 | Current: $0.141 | P&L: +131.1%
🤖 Bot estimated P: 15% | 🔍 Hermes P: 12%

✅ ALIGNED - thesis confirmed

📊 Factors:
   • Potential withdrawal or ineligibility of front-runner Lula could reduce competition and improve Renan Santos&#x27; chances of second place
   • A major party coalition endorsement or alliance could boost Santos&#x27; visibility and poll numbers significantly

⚡ Status: YELLOW
---
⚠️ <b>ADVISOR ANALYSIS</b>

📌 Will Marco Rubio win the 2028 US Presidential Election?...

💵 Entry: $0.141 | Current: $0.135 | P&L: -4.6%
🤖 Bot estimated P: 28% | 🔍 Hermes P: 12%

✅ ALIGNED - thesis confirmed

📊 Factors:
   • Whether Donald Trump endorses Rubio or another candidate in the 2028 Republican primary
   • The perceived success or failure of the Trump administration&#x27;s foreign policy and economy under Rubio as Secretary of State

⚡ Status: YELLOW
---
⚠️ <b>ADVISOR ANALYSIS</b>

📌 Will the US acquire part of Greenland in 2026?...

💵 Entry: $0.150 | Current: $0.125 | P&L: -16.7%
🤖 Bot estimated P: 35% | 🔍 Hermes P: 8%

✅ ALIGNED - thesis confirmed

📊 Factors:
   • Change in US administration after 2024 election could deprioritize or abandon acquisition efforts
   • Greenlandic independence referendum could alter sovereignty status and complicate any purchase negotiations

⚡ Status: YELLOW
---
✅ <b>ADVISOR ANALYSIS</b>

📌 Will US withdraw from NATO before 2027?...

💵 Entry: $0.085 | Current: $0.069 | P&L: -19.4%
🤖 Bot estimated P: 12% | 🔍 Hermes P: 10%

✅ ALIGNED - thesis confirmed

📊 Factors:
   • 2024 US presidential election outcome - if a withdrawal-supporting candidate wins, probability rises significantly
   • NATO&#x27;s collective defense credibility and European defense spending - increased European burden-sharing could reduce US political will to leave

⚡ Status: GREEN
---

✅ Analyzed 4 positions
2026-05-25 19:00:02,941 INFO [ADVISOR-SCHED] will-renan-santos-finish-in-se... near stop-loss: price=0.1430 stop=0.1260 distance=11.9%
2026-05-25 19:00:02,942 INFO [ADVISOR-SCHED] will-us-withdraw-from-nato-bef... near stop-loss: price=0.0685 stop=0.0595 distance=13.1%
⚠️ <b>ADVISOR ANALYSIS</b>

📌 Will Renan Santos finish in second place in the first r...

💵 Entry: $0.061 | Current: $0.142 | P&L: +132.8%
🤖 Bot estimated P: 15% | 🔍 Hermes P: 12%

✅ ALIGNED - thesis confirmed

📊 Factors:
   • If former President Bolsonaro is declared ineligible, the conservative vote may coalesce around a stronger candidate like Tarcísio de Freitas, reducing Renan&#x27;s second-place chances.
   • Renan Santos&#x27;s low national name recognition and lack of major party support could limit his ability to reach the top two, especially if other candidates gain momentum.

⚡ Status: YELLOW
---
⚠️ <b>ADVISOR ANALYSIS</b>

📌 Will Marco Rubio win the 2028 US Presidential Election?...

💵 Entry: $0.141 | Current: $0.135 | P&L: -4.6%
🤖 Bot estimated P: 28% | 🔍 Hermes P: 12%

✅ ALIGNED - thesis confirmed

📊 Factors:
   • Whether Donald Trump runs in 2028 GOP primary
   • Rubio&#x27;s ability to appeal to both establishment and conservative wings of the party

⚡ Status: YELLOW
---
⚠️ <b>ADVISOR ANALYSIS</b>

📌 Will the US acquire part of Greenland in 2026?...

💵 Entry: $0.150 | Current: $0.125 | P&L: -16.7%
🤖 Bot estimated P: 35% | 🔍 Hermes P: 8%

✅ ALIGNED - thesis confirmed

📊 Factors:
   • Greenland holds an independence referendum and subsequently pursues direct negotiations with the US for a purchase or treaty
   • US imposes severe economic or security conditions on Denmark, forcing Copenhagen to reconsider a sale to avoid broader consequences

⚡ Status: YELLOW
---
⚠️ <b>ADVISOR ANALYSIS</b>

📌 Will US withdraw from NATO before 2027?...

💵 Entry: $0.085 | Current: $0.069 | P&L: -19.4%
🤖 Bot estimated P: 12% | 🔍 Hermes P: 6%

✅ ALIGNED - thesis confirmed

📊 Factors:
   • Outcome of 2024 US presidential election - a Trump victory could increase withdrawal rhetoric but faces strong bipartisan and legal hurdles
   • NATO&#x27;s response to geopolitical crises (e.g., Ukraine war) may reinforce alliance cohesion, making withdrawal less likely

⚡ Status: YELLOW
---

✅ Analyzed 4 positions
2026-05-25 19:30:02,028 INFO [ADVISOR-SCHED] will-renan-santos-finish-in-se... near stop-loss: price=0.1430 stop=0.1260 distance=11.9%
2026-05-25 19:30:02,028 INFO [ADVISOR-SCHED] will-us-withdraw-from-nato-bef... near stop-loss: price=0.0685 stop=0.0595 distance=13.1%
2026-05-25 19:30:10,305 INFO [ADVISOR] will-renan-santos-finish-in-second-place... P&L=134% >= 50%, suppressing non-critical alert
⚠️ <b>ADVISOR ANALYSIS</b>

📌 Will Renan Santos finish in second place in the first r...

💵 Entry: $0.061 | Current: $0.143 | P&L: +134.4%
🤖 Bot estimated P: 15% | 🔍 Hermes P: 5%

📊 Factors:
   • If former President Bolsonaro is barred from running, the far-right vote may consolidate around a stronger candidate like Tarcísio de Freitas, not Renan Santos, reducing his chances of second place.
   • President Lula&#x27;s strong approval and likely re-election bid means the second place will be contested by mainstream opposition figures; Renan Santos lacks the name recognition and party infrastructure to break into the top two.

⚡ Status: YELLOW
---
⚠️ <b>ADVISOR ANALYSIS</b>

📌 Will Marco Rubio win the 2028 US Presidential Election?...

💵 Entry: $0.141 | Current: $0.135 | P&L: -4.6%
🤖 Bot estimated P: 28% | 🔍 Hermes P: 12%

✅ ALIGNED - thesis confirmed

📊 Factors:
   • Donald Trump&#x27;s endorsement (or opposition) in the Republican primary could dramatically shift Rubio&#x27;s chances
   • Rubio&#x27;s performance as Secretary of State and potential foreign policy crises affecting his appeal to voters

⚡ Status: YELLOW
---
⚠️ <b>ADVISOR ANALYSIS</b>

📌 Will the US acquire part of Greenland in 2026?...

💵 Entry: $0.150 | Current: $0.125 | P&L: -16.7%
🤖 Bot estimated P: 35% | 🔍 Hermes P: 4%

📊 Factors:
   • Trump re-election in 2024 leading to renewed US purchase efforts
   • Greenland independence referendum and subsequent treaty negotiations with US

⚡ Status: YELLOW
---
⚠️ <b>ADVISOR ANALYSIS</b>

📌 Will US withdraw from NATO before 2027?...

💵 Entry: $0.085 | Current: $0.069 | P&L: -19.4%
🤖 Bot estimated P: 12% | 🔍 Hermes P: 3%

✅ ALIGNED - thesis confirmed

📊 Factors:
   • Election of a US president in 2024 who explicitly advocates NATO withdrawal and pursues executive action to initiate it
   • A major policy shift driven by a significant NATO member defaulting on defense spending commitments, triggering a US legislative response to consider withdrawal

⚡ Status: YELLOW
---

✅ Analyzed 4 positions
2026-05-25 20:00:02,170 INFO [ADVISOR-SCHED] will-renan-santos-finish-in-se... near stop-loss: price=0.1365 stop=0.1260 distance=7.7%
2026-05-25 20:00:02,170 INFO [ADVISOR-SCHED] will-us-withdraw-from-nato-bef... near stop-loss: price=0.0685 stop=0.0595 distance=13.1%
2026-05-25 20:00:19,051 INFO [ADVISOR] will-renan-santos-finish-in-second-place... P&L=124% >= 50%, suppressing non-critical alert
✅ <b>ADVISOR ANALYSIS</b>

📌 Will Renan Santos finish in second place in the first r...

💵 Entry: $0.061 | Current: $0.137 | P&L: +123.8%
🤖 Bot estimated P: 15% | 🔍 Hermes P: 18%

✅ ALIGNED - thesis confirmed

📊 Factors:
   • Lula&#x27;s decision to run for re-election in 2026, which would likely secure first place and shift competition for second
   • Bolsonaro&#x27;s legal eligibility and whether the center-right consolidates behind Renan Santos as the main alternative

⚡ Status: GREEN
---
⚠️ <b>ADVISOR ANALYSIS</b>

📌 Will Marco Rubio win the 2028 US Presidential Election?...

💵 Entry: $0.141 | Current: $0.123 | P&L: -12.4%
🤖 Bot estimated P: 28% | 🔍 Hermes P: 15%

✅ ALIGNED - thesis confirmed

📊 Factors:
   • Trump&#x27;s endorsement and influence in the 2028 Republican primary, which could shift support to another candidate like DeSantis or Vance
   • Rubio&#x27;s performance as Secretary of State, including handling of foreign policy crises and public perception, which will affect his electability

⚡ Status: YELLOW
---
⚠️ <b>ADVISOR ANALYSIS</b>

📌 Will the US acquire part of Greenland in 2026?...

💵 Entry: $0.150 | Current: $0.125 | P&L: -16.7%
🤖 Bot estimated P: 35% | 🔍 Hermes P: 8%

✅ ALIGNED - thesis confirmed

📊 Factors:
   • A shift in US presidential administration in 2025 could deprioritize Greenland acquisition, reducing likelihood.
   • Greenland&#x27;s potential independence referendum and its subsequent willingness to negotiate with the US would be critical.

⚡ Status: YELLOW
---
⚠️ <b>ADVISOR ANALYSIS</b>

📌 Will US withdraw from NATO before 2027?...

💵 Entry: $0.085 | Current: $0.069 | P&L: -19.4%
🤖 Bot estimated P: 12% | 🔍 Hermes P: 4%

✅ ALIGNED - thesis confirmed

📊 Factors:
   • US presidential election outcome in 2024 and potential return of Trump administration
   • Major European security crisis that either reinforces NATO cohesion or triggers unilateral US action

⚡ Status: YELLOW
---

✅ Analyzed 4 positions
2026-05-25 20:30:02,069 INFO [ADVISOR-SCHED] will-renan-santos-finish-in-se... near stop-loss: price=0.1365 stop=0.1260 distance=7.7%
2026-05-25 20:30:02,069 INFO [ADVISOR-SCHED] will-us-withdraw-from-nato-bef... near stop-loss: price=0.0685 stop=0.0595 distance=13.1%
2026-05-25 20:30:23,313 INFO [ADVISOR] will-marco-rubio-win-the-2028-us-preside... cooldown 150m < 240m, suppressing
⚠️ <b>ADVISOR ANALYSIS</b>

📌 Will Renan Santos finish in second place in the first r...

💵 Entry: $0.061 | Current: $0.137 | P&L: +123.8%
🤖 Bot estimated P: 15% | 🔍 Hermes P: 9%

✅ ALIGNED - thesis confirmed

📊 Factors:
   • Bolsonaro&#x27;s eligibility or candidacy in 2026 would likely push Renan Santos to third place or lower
   • Renan Santos&#x27;s limited national visibility and party backing reduce his chance of a second-place finish

⚡ Status: YELLOW
---
✅ <b>ADVISOR ANALYSIS</b>

📌 Will Marco Rubio win the 2028 US Presidential Election?...

💵 Entry: $0.141 | Current: $0.129 | P&L: -8.9%
🤖 Bot estimated P: 28% | 🔍 Hermes P: 15%

✅ ALIGNED - thesis confirmed

📊 Factors:
   • Donald Trump&#x27;s decision on whether to run in 2028, as his candidacy would dominate the Republican primary field and significantly lower Rubio&#x27;s chances
   • Rubio&#x27;s ability to differentiate himself from other likely candidates like DeSantis or Haley and build a broad coalition across moderate and conservative factions

⚡ Status: GREEN
---
⚠️ <b>ADVISOR ANALYSIS</b>

📌 Will the US acquire part of Greenland in 2026?...

💵 Entry: $0.150 | Current: $0.125 | P&L: -16.7%
🤖 Bot estimated P: 35% | 🔍 Hermes P: 8%

✅ ALIGNED - thesis confirmed

📊 Factors:
   • A change in Danish government to a coalition more open to negotiations or a Greenland independence referendum that shifts sovereignty dynamics
   • A major geopolitical event (e.g., Russia or China asserting Arctic dominance) prompting the US to make a high-stakes offer with substantial economic incentives and security guarantees

⚡ Status: YELLOW
---
⚠️ <b>ADVISOR ANALYSIS</b>

📌 Will US withdraw from NATO before 2027?...

💵 Entry: $0.085 | Current: $0.069 | P&L: -19.4%
🤖 Bot estimated P: 12% | 🔍 Hermes P: 4%

✅ ALIGNED - thesis confirmed

📊 Factors:
   • Outcome of the 2024 US presidential election: a Trump victory could increase withdrawal pressure, but faces legal and congressional barriers
   • Evolution of NATO burden-sharing disputes: if US allies fail to meet defense spending commitments, political rhetoric for withdrawal may intensify

⚡ Status: YELLOW
---

✅ Analyzed 4 positions
2026-05-25 21:00:02,218 INFO [ADVISOR-SCHED] will-us-withdraw-from-nato-bef... near stop-loss: price=0.0685 stop=0.0595 distance=13.1%
2026-05-25 21:00:16,956 INFO [ADVISOR] will-renan-santos-finish-in-second-place... P&L=124% >= 50%, suppressing non-critical alert
⚠️ <b>ADVISOR ANALYSIS</b>

📌 Will Renan Santos finish in second place in the first r...

💵 Entry: $0.061 | Current: $0.137 | P&L: +123.8%
🤖 Bot estimated P: 15% | 🔍 Hermes P: 3%

📊 Factors:
   • Lula and Bolsonaro remain the dominant candidates, likely occupying the top two spots if eligible, leaving no path for Renan Santos
   • Even if one of them is barred, established alternatives like Ciro Gomes or Marina Silva have far higher name recognition and support, making a Renan Santos second-place finish highly unlikely

⚡ Status: YELLOW
---
⚠️ <b>ADVISOR ANALYSIS</b>

📌 Will Marco Rubio win the 2028 US Presidential Election?...

💵 Entry: $0.141 | Current: $0.129 | P&L: -8.9%
🤖 Bot estimated P: 28% | 🔍 Hermes P: 10%

✅ ALIGNED - thesis confirmed

📊 Factors:
   • Trump&#x27;s 2024 outcome and subsequent political plans (whether he runs again in 2028 or endorses another candidate)
   • Rubio&#x27;s ability to consolidate mainstream Republican support against potential populist or dark horse challengers

⚡ Status: YELLOW
---
⚠️ <b>ADVISOR ANALYSIS</b>

📌 Will the US acquire part of Greenland in 2026?...

💵 Entry: $0.150 | Current: $0.125 | P&L: -16.7%
🤖 Bot estimated P: 35% | 🔍 Hermes P: 10%

✅ ALIGNED - thesis confirmed

📊 Factors:
   • Shift in Danish government policy towards selling Greenland
   • Arctic security crisis prompting US to demand acquisition

⚡ Status: YELLOW
---
⚠️ <b>ADVISOR ANALYSIS</b>

📌 Will US withdraw from NATO before 2027?...

💵 Entry: $0.085 | Current: $0.069 | P&L: -19.4%
🤖 Bot estimated P: 12% | 🔍 Hermes P: 4%

✅ ALIGNED - thesis confirmed

📊 Factors:
   • Outcome of the 2024 US presidential election
   • Major geopolitical crisis affecting NATO&#x27;s role

⚡ Status: YELLOW
---

✅ Analyzed 4 positions
2026-05-25 21:30:02,177 INFO [ADVISOR-SCHED] will-us-withdraw-from-nato-bef... near stop-loss: price=0.0685 stop=0.0595 distance=13.1%
2026-05-25 21:30:20,053 INFO [ADVISOR] will-renan-santos-finish-in-second-place... P&L=184% >= 50%, suppressing non-critical alert
➖ <b>ADVISOR ANALYSIS</b>

📌 Will Renan Santos finish in second place in the first r...

💵 Entry: $0.061 | Current: $0.173 | P&L: +183.6%
🤖 Bot estimated P: 15% | 🔍 Hermes P: 26%

📊 Factors:
   • Insufficient data for independent estimate
   • Using market price as baseline

⚡ Status: GRAY
---
⚠️ <b>ADVISOR ANALYSIS</b>

📌 Will Marco Rubio win the 2028 US Presidential Election?...

💵 Entry: $0.141 | Current: $0.133 | P&L: -6.0%
🤖 Bot estimated P: 28% | 🔍 Hermes P: 12%

✅ ALIGNED - thesis confirmed

📊 Factors:
   • Trump&#x27;s endorsement or opposition in the Republican primary
   • Strength of alternative candidates like DeSantis or Vance

⚡ Status: YELLOW
---
⚠️ <b>ADVISOR ANALYSIS</b>

📌 Will the US acquire part of Greenland in 2026?...

💵 Entry: $0.150 | Current: $0.125 | P&L: -16.7%
🤖 Bot estimated P: 35% | 🔍 Hermes P: 8%

✅ ALIGNED - thesis confirmed

📊 Factors:
   • Shift in Danish or Greenlandic government policy toward accepting a sale or lease, possibly driven by Greenlandic independence aspirations
   • Escalation of US-China Arctic competition prompting a more aggressive US push for territorial acquisition or control

⚡ Status: YELLOW
---
⚠️ <b>ADVISOR ANALYSIS</b>

📌 Will US withdraw from NATO before 2027?...

💵 Entry: $0.085 | Current: $0.069 | P&L: -19.4%
🤖 Bot estimated P: 12% | 🔍 Hermes P: 4%

✅ ALIGNED - thesis confirmed

📊 Factors:
   • Outcome of the 2024 US presidential election and the winner&#x27;s stance on NATO membership
   • Congressional legislation requiring a two-thirds Senate vote or similar to approve withdrawal

⚡ Status: YELLOW
---

✅ Analyzed 4 positions
2026-05-25 22:00:02,681 INFO [ADVISOR-SCHED] will-us-withdraw-from-nato-bef... near stop-loss: price=0.0685 stop=0.0595 distance=13.1%
⚠️ <b>ADVISOR ANALYSIS</b>

📌 Will Renan Santos finish in second place in the first r...

💵 Entry: $0.061 | Current: $0.195 | P&L: +218.9%
🤖 Bot estimated P: 15% | 🔍 Hermes P: 15%

✅ ALIGNED - thesis confirmed

📊 Factors:
   • Bolsonaro&#x27;s eligibility and potential candidacy impact on right-wing field
   • Strength of alternative right-wing candidates like Tarcísio de Freitas or Romeu Zema

⚡ Status: YELLOW
---
⚠️ <b>ADVISOR ANALYSIS</b>

📌 Will Marco Rubio win the 2028 US Presidential Election?...

💵 Entry: $0.141 | Current: $0.133 | P&L: -6.0%
🤖 Bot estimated P: 28% | 🔍 Hermes P: 10%

✅ ALIGNED - thesis confirmed

📊 Factors:
   • Donald Trump&#x27;s potential 2028 candidacy would likely crowd out other Republican contenders, reducing Rubio&#x27;s odds significantly.
   • Ron DeSantis remains a formidable primary rival with strong name recognition and a proven electoral track record in the same state.

⚡ Status: YELLOW
---
⚠️ <b>ADVISOR ANALYSIS</b>

📌 Will the US acquire part of Greenland in 2026?...

💵 Entry: $0.150 | Current: $0.125 | P&L: -16.7%
🤖 Bot estimated P: 35% | 🔍 Hermes P: 8%

✅ ALIGNED - thesis confirmed

📊 Factors:
   • Outcome of the 2024 US presidential election: A pro-expansion candidate (e.g., Trump) winning could increase push for Greenland acquisition, but still faces significant diplomatic hurdles.
   • Greenland&#x27;s political dynamics: A shift towards greater independence from Denmark might make Greenland more open to a special arrangement with the US, but any acquisition would require Danish consent and Greenlandic referendum.

⚡ Status: YELLOW
---
⚠️ <b>ADVISOR ANALYSIS</b>

📌 Will US withdraw from NATO before 2027?...

💵 Entry: $0.085 | Current: $0.069 | P&L: -19.4%
🤖 Bot estimated P: 12% | 🔍 Hermes P: 7%

✅ ALIGNED - thesis confirmed

📊 Factors:
   • Outcome of 2024 US presidential election: a Trump victory increases withdrawal risk due to his past statements and pressure on allies.
   • NATO&#x27;s response to defense spending commitments: if European members fail to meet targets, US domestic pressure for withdrawal could rise.

⚡ Status: YELLOW
---

✅ Analyzed 4 positions
2026-05-25 22:30:02,174 INFO [ADVISOR-SCHED] will-us-withdraw-from-nato-bef... near stop-loss: price=0.0685 stop=0.0595 distance=13.1%
⚠️ <b>ADVISOR ANALYSIS</b>

📌 Will Renan Santos finish in second place in the first r...

💵 Entry: $0.061 | Current: $0.190 | P&L: +211.5%
🤖 Bot estimated P: 15% | 🔍 Hermes P: 15%

✅ ALIGNED - thesis confirmed

📊 Factors:
   • Renan Santos obtains the official candidacy of a major party (e.g., MDB or PSDB) and receives substantial campaign resources
   • Incumbent President Lula becomes ineligible or declines to run, and Bolsonaro&#x27;s candidacy is barred, leaving a fragmented field

⚡ Status: YELLOW
---
⚠️ <b>ADVISOR ANALYSIS</b>

📌 Will Marco Rubio win the 2028 US Presidential Election?...

💵 Entry: $0.141 | Current: $0.133 | P&L: -6.0%
🤖 Bot estimated P: 28% | 🔍 Hermes P: 12%

✅ ALIGNED - thesis confirmed

📊 Factors:
   • Donald Trump&#x27;s 2024 outcome: if Trump wins, he&#x27;s ineligible for 2028; if he loses, he likely runs again, dominating the primary and reducing Rubio&#x27;s chances
   • Strength of other Republican contenders such as Ron DeSantis and Nikki Haley, who may outpace Rubio in fundraising and endorsements

⚡ Status: YELLOW
---
⚠️ <b>ADVISOR ANALYSIS</b>

📌 Will the US acquire part of Greenland in 2026?...

💵 Entry: $0.150 | Current: $0.125 | P&L: -16.7%
🤖 Bot estimated P: 35% | 🔍 Hermes P: 8%

✅ ALIGNED - thesis confirmed

📊 Factors:
   • A shift in Greenland&#x27;s political landscape toward seeking independence with US financial support, potentially leading to a purchase or lease agreement.
   • A significant escalation in Arctic security threats (e.g., Russian aggression) that compels Denmark and Greenland to accept US military presence and territorial acquisition.

⚡ Status: YELLOW
---
⚠️ <b>ADVISOR ANALYSIS</b>

📌 Will US withdraw from NATO before 2027?...

💵 Entry: $0.085 | Current: $0.069 | P&L: -19.4%
🤖 Bot estimated P: 12% | 🔍 Hermes P: 6%

✅ ALIGNED - thesis confirmed

📊 Factors:
   • Outcome of the 2024 US presidential election and whether a potential second Trump administration actively pursues NATO withdrawal
   • Legal and congressional constraints, including the 2023 National Defense Authorization Act requiring Senate approval for withdrawal from NATO

⚡ Status: YELLOW
---

✅ Analyzed 4 positions
2026-05-25 23:00:02,142 INFO [ADVISOR-SCHED] will-us-withdraw-from-nato-bef... near stop-loss: price=0.0685 stop=0.0595 distance=13.1%
2026-05-25 23:00:08,274 INFO [ADVISOR] will-renan-santos-finish-in-second-place... P&L=229% >= 50%, suppressing non-critical alert
⚠️ <b>ADVISOR ANALYSIS</b>

📌 Will Renan Santos finish in second place in the first r...

💵 Entry: $0.061 | Current: $0.201 | P&L: +228.7%
🤖 Bot estimated P: 15% | 🔍 Hermes P: 12%

📊 Factors:
   • Renan Santos lacks national name recognition and major party support, limiting his ability to secure second place against established figures like Lula and Bolsonaro.
   • Potential for other candidates (e.g., Ciro Gomes, Flávio Dino) to consolidate center-left or center-right votes, crowding out Renan Santos&#x27; chances.

⚡ Status: YELLOW
---
⚠️ <b>ADVISOR ANALYSIS</b>

📌 Will Marco Rubio win the 2028 US Presidential Election?...

💵 Entry: $0.141 | Current: $0.133 | P&L: -6.0%
🤖 Bot estimated P: 28% | 🔍 Hermes P: 12%

✅ ALIGNED - thesis confirmed

📊 Factors:
   • Rubio&#x27;s performance as Secretary of State and potential foreign policy crises
   • Whether Trump endorses Rubio or a rival in the Republican primary

⚡ Status: YELLOW
---
⚠️ <b>ADVISOR ANALYSIS</b>

📌 Will the US acquire part of Greenland in 2026?...

💵 Entry: $0.150 | Current: $0.125 | P&L: -16.7%
🤖 Bot estimated P: 35% | 🔍 Hermes P: 12%

✅ ALIGNED - thesis confirmed

📊 Factors:
   • A Republican president elected in 2024 who prioritizes territorial acquisition could revive negotiations with Denmark
   • Discovery of significant rare earth or mineral deposits in Greenland that make acquisition economically attractive

⚡ Status: YELLOW
---
⚠️ <b>ADVISOR ANALYSIS</b>

📌 Will US withdraw from NATO before 2027?...

💵 Entry: $0.085 | Current: $0.069 | P&L: -19.4%
🤖 Bot estimated P: 12% | 🔍 Hermes P: 4%

✅ ALIGNED - thesis confirmed

📊 Factors:
   • US presidential election outcome in 2024 enabling withdrawal efforts
   • Major European security crisis testing US commitment to Article 5

⚡ Status: YELLOW
---

✅ Analyzed 4 positions
2026-05-25 23:30:02,673 INFO [ADVISOR-SCHED] will-us-withdraw-from-nato-bef... near stop-loss: price=0.0685 stop=0.0595 distance=13.1%
2026-05-25 23:30:11,785 INFO [ADVISOR] will-renan-santos-finish-in-second-place... P&L=234% >= 50%, suppressing non-critical alert
✅ <b>ADVISOR ANALYSIS</b>

📌 Will Renan Santos finish in second place in the first r...

💵 Entry: $0.061 | Current: $0.203 | P&L: +233.6%
🤖 Bot estimated P: 15% | 🔍 Hermes P: 21%

✅ ALIGNED - thesis confirmed

📊 Factors:
   • Potential alliance with a major party could significantly boost his visibility and voter base, increasing chances of second place.
   • Legal or electoral court rulings regarding his candidacy eligibility or campaign finance irregularities could disqualify or weaken his campaign.

⚡ Status: GREEN
---
⚠️ <b>ADVISOR ANALYSIS</b>

📌 Will Marco Rubio win the 2028 US Presidential Election?...

💵 Entry: $0.141 | Current: $0.133 | P&L: -6.0%
🤖 Bot estimated P: 28% | 🔍 Hermes P: 12%

✅ ALIGNED - thesis confirmed

📊 Factors:
   • Trump&#x27;s potential 2028 candidacy if he loses 2024, which would crowd out Rubio in the primary
   • Rubio&#x27;s positioning against rising GOP stars like DeSantis or Haley, who may have stronger appeal to the party base

⚡ Status: YELLOW
---
⚠️ <b>ADVISOR ANALYSIS</b>

📌 Will the US acquire part of Greenland in 2026?...

💵 Entry: $0.150 | Current: $0.125 | P&L: -16.7%
🤖 Bot estimated P: 35% | 🔍 Hermes P: 12%

✅ ALIGNED - thesis confirmed

📊 Factors:
   • US presidential election outcome in 2024 will shape administration&#x27;s Arctic policy and willingness to pursue Greenland acquisition
   • Greenland&#x27;s push for independence and Denmark&#x27;s stance on sovereignty could change the legal framework for any acquisition

⚡ Status: YELLOW
---
⚠️ <b>ADVISOR ANALYSIS</b>

📌 Will US withdraw from NATO before 2027?...

💵 Entry: $0.085 | Current: $0.069 | P&L: -19.4%
🤖 Bot estimated P: 12% | 🔍 Hermes P: 5%

✅ ALIGNED - thesis confirmed

📊 Factors:
   • 2024 US presidential election outcome and the winner&#x27;s NATO policy
   • Legislative hurdles such as Senate supermajority requirement for treaty withdrawal

⚡ Status: YELLOW
---

✅ Analyzed 4 positions
2026-05-26 00:00:02,574 INFO [ADVISOR-SCHED] will-us-withdraw-from-nato-bef... near stop-loss: price=0.0685 stop=0.0595 distance=13.1%
⚠️ <b>ADVISOR ANALYSIS</b>

📌 Will Renan Santos finish in second place in the first r...

💵 Entry: $0.061 | Current: $0.197 | P&L: +215.2%
🤖 Bot estimated P: 15% | 🔍 Hermes P: 18%

✅ ALIGNED - thesis confirmed

📊 Factors:
   • Lula&#x27;s re-election decision and popularity in 2026
   • Bolsonaro&#x27;s legal eligibility to run in the election

⚡ Status: YELLOW
---
⚠️ <b>ADVISOR ANALYSIS</b>

📌 Will Marco Rubio win the 2028 US Presidential Election?...

💵 Entry: $0.141 | Current: $0.133 | P&L: -6.0%
🤖 Bot estimated P: 28% | 🔍 Hermes P: 12%

✅ ALIGNED - thesis confirmed

📊 Factors:
   • Trump&#x27;s endorsement or lack thereof
   • Competition from other Republican candidates like DeSantis or Vance

⚡ Status: YELLOW
---
⚠️ <b>ADVISOR ANALYSIS</b>

📌 Will the US acquire part of Greenland in 2026?...

💵 Entry: $0.150 | Current: $0.135 | P&L: -10.0%
🤖 Bot estimated P: 35% | 🔍 Hermes P: 8%

📊 Factors:
   • Shift in US foreign policy under a new presidential administration prioritizing Arctic expansion and negotiating with Denmark/Greenland
   • Greenlandic independence referendum leading to a semi-sovereign status that opens door for US acquisition of territory or strategic assets

⚡ Status: YELLOW
---
⚠️ <b>ADVISOR ANALYSIS</b>

📌 Will US withdraw from NATO before 2027?...

💵 Entry: $0.085 | Current: $0.069 | P&L: -19.4%
🤖 Bot estimated P: 12% | 🔍 Hermes P: 7%

✅ ALIGNED - thesis confirmed

📊 Factors:
   • Trump wins 2024 US presidential election and pursues NATO withdrawal
   • US Congress passes legislation requiring Senate approval for NATO withdrawal

⚡ Status: YELLOW
---

✅ Analyzed 4 positions
2026-05-26 00:30:02,378 INFO [ADVISOR-SCHED] will-us-withdraw-from-nato-bef... near stop-loss: price=0.0685 stop=0.0595 distance=13.1%
⚠️ <b>ADVISOR ANALYSIS</b>

📌 Will Renan Santos finish in second place in the first r...

💵 Entry: $0.061 | Current: $0.184 | P&L: +195.2%
🤖 Bot estimated P: 15% | 🔍 Hermes P: 16%

✅ ALIGNED - thesis confirmed

📊 Factors:
   • Judicial decisions on Lula&#x27;s eligibility (if Lula is barred, Renan&#x27;s path to second place improves significantly)
   • Renan Santos&#x27;s ability to consolidate center-right support and avoid vote splitting with other moderate candidates

⚡ Status: YELLOW
---
⚠️ <b>ADVISOR ANALYSIS</b>

📌 Will Marco Rubio win the 2028 US Presidential Election?...

💵 Entry: $0.141 | Current: $0.133 | P&L: -6.0%
🤖 Bot estimated P: 28% | 🔍 Hermes P: 12%

✅ ALIGNED - thesis confirmed

📊 Factors:
   • Donald Trump&#x27;s potential influence on the Republican primary, including whether he runs again or endorses Rubio
   • The identity and strength of the Democratic nominee, which will heavily depend on the 2024 election outcome and subsequent political landscape

⚡ Status: YELLOW
---
⚠️ <b>ADVISOR ANALYSIS</b>

📌 Will the US acquire part of Greenland in 2026?...

💵 Entry: $0.150 | Current: $0.135 | P&L: -10.0%
🤖 Bot estimated P: 35% | 🔍 Hermes P: 10%

✅ ALIGNED - thesis confirmed

📊 Factors:
   • A shift in US foreign policy under a new administration prioritizing territorial acquisition over diplomatic norms
   • Greenland&#x27;s government facing severe economic crisis, making a sale the only viable option despite Danish opposition

⚡ Status: YELLOW
---
⚠️ <b>ADVISOR ANALYSIS</b>

📌 Will US withdraw from NATO before 2027?...

💵 Entry: $0.085 | Current: $0.069 | P&L: -19.4%
🤖 Bot estimated P: 12% | 🔍 Hermes P: 3%

✅ ALIGNED - thesis confirmed

📊 Factors:
   • Donald Trump wins 2024 presidential election and actively pursues NATO withdrawal via executive action
   • A major crisis in US-European relations, such as a failure to meet defense spending targets or a Article 5 test, triggers unilateral US exit

⚡ Status: YELLOW
---

✅ Analyzed 4 positions
2026-05-26 01:00:02,352 INFO [ADVISOR-SCHED] will-us-withdraw-from-nato-bef... near stop-loss: price=0.0685 stop=0.0595 distance=13.1%
⚠️ <b>ADVISOR ANALYSIS</b>

📌 Will Renan Santos finish in second place in the first r...

💵 Entry: $0.061 | Current: $0.179 | P&L: +186.4%
🤖 Bot estimated P: 15% | 🔍 Hermes P: 15%

✅ ALIGNED - thesis confirmed

📊 Factors:
   • Renan Santos&#x27;s ability to gain significant national name recognition and campaign funding against established frontrunners
   • Legal eligibility and electoral strength of major candidates like Lula and Bolsonaro, which could alter the second-place dynamics

⚡ Status: YELLOW
---
⚠️ <b>ADVISOR ANALYSIS</b>

📌 Will Marco Rubio win the 2028 US Presidential Election?...

💵 Entry: $0.141 | Current: $0.133 | P&L: -6.0%
🤖 Bot estimated P: 28% | 🔍 Hermes P: 12%

✅ ALIGNED - thesis confirmed

📊 Factors:
   • Potential Trump endorsement in 2028 Republican primary could significantly boost Rubio&#x27;s chances, but Trump may back a different candidate.
   • Rubio&#x27;s performance as Secretary of State under Trump will shape his national profile and electability, especially if foreign policy crises occur.

⚡ Status: YELLOW
---
⚠️ <b>ADVISOR ANALYSIS</b>

📌 Will the US acquire part of Greenland in 2026?...

💵 Entry: $0.150 | Current: $0.135 | P&L: -10.0%
🤖 Bot estimated P: 35% | 🔍 Hermes P: 10%

✅ ALIGNED - thesis confirmed

📊 Factors:
   • US presidential election 2024 outcome could revive territorial acquisition efforts
   • Greenlandic independence referendum might create a window for negotiation

⚡ Status: YELLOW
---
⚠️ <b>ADVISOR ANALYSIS</b>

📌 Will US withdraw from NATO before 2027?...

💵 Entry: $0.085 | Current: $0.069 | P&L: -19.4%
🤖 Bot estimated P: 12% | 🔍 Hermes P: 4%

✅ ALIGNED - thesis confirmed

📊 Factors:
   • Outcome of 2024 U.S. presidential election and potential return of Trump administration
   • NATO&#x27;s ability to address U.S. grievances regarding defense spending burdens

⚡ Status: YELLOW
---

✅ Analyzed 4 positions
2026-05-26 01:30:02,838 INFO [ADVISOR-SCHED] will-us-withdraw-from-nato-bef... near stop-loss: price=0.0685 stop=0.0595 distance=13.1%
2026-05-26 01:30:19,550 INFO [ADVISOR] will-renan-santos-finish-in-second-place... P&L=193% >= 50%, suppressing non-critical alert
✅ <b>ADVISOR ANALYSIS</b>

📌 Will Renan Santos finish in second place in the first r...

💵 Entry: $0.061 | Current: $0.178 | P&L: +185.6%
🤖 Bot estimated P: 15% | 🔍 Hermes P: 18%

✅ ALIGNED - thesis confirmed

📊 Factors:
   • Lula&#x27;s decision to run for re-election in 2026, which would dominate the first round and reduce second-place chances for others
   • Bolsonaro&#x27;s legal eligibility and potential endorsement of a different candidate, which could redirect his voter base away from Renan Santos

⚡ Status: GREEN
---
⚠️ <b>ADVISOR ANALYSIS</b>

📌 Will Marco Rubio win the 2028 US Presidential Election?...

💵 Entry: $0.141 | Current: $0.133 | P&L: -6.0%
🤖 Bot estimated P: 28% | 🔍 Hermes P: 12%

✅ ALIGNED - thesis confirmed

📊 Factors:
   • Strong primary competition from other Republican figures like Ron DeSantis
   • Potential impact of Trump&#x27;s influence and endorsement in the primary

⚡ Status: YELLOW
---
⚠️ <b>ADVISOR ANALYSIS</b>

📌 Will the US acquire part of Greenland in 2026?...

💵 Entry: $0.150 | Current: $0.135 | P&L: -10.0%
🤖 Bot estimated P: 35% | 🔍 Hermes P: 10%

✅ ALIGNED - thesis confirmed

📊 Factors:
   • A shift in Greenland&#x27;s or Denmark&#x27;s political leadership to a government more favorable to US annexation or sale
   • A major escalation in Arctic security concerns prompting US to directly negotiate or impose conditions for territorial access

⚡ Status: YELLOW
---
⚠️ <b>ADVISOR ANALYSIS</b>

📌 Will US withdraw from NATO before 2027?...

💵 Entry: $0.085 | Current: $0.069 | P&L: -19.4%
🤖 Bot estimated P: 12% | 🔍 Hermes P: 4%

✅ ALIGNED - thesis confirmed

📊 Factors:
   • Potential re-election of Donald Trump and his administration&#x27;s NATO skepticism
   • A severe military crisis that undermines NATO cohesion and triggers unilateral US action

⚡ Status: YELLOW
---

✅ Analyzed 4 positions
2026-05-26 02:00:03,011 INFO [ADVISOR-SCHED] will-us-withdraw-from-nato-bef... near stop-loss: price=0.0685 stop=0.0595 distance=13.1%
2026-05-26 02:00:26,970 INFO [ADVISOR] will-renan-santos-finish-in-second-place... P&L=202% >= 50%, suppressing non-critical alert
2026-05-26 02:00:40,048 INFO [ADVISOR] will-the-us-acquire-any-part-of-greenlan... cooldown 120m < 240m, suppressing
➖ <b>ADVISOR ANALYSIS</b>

📌 Will Renan Santos finish in second place in the first r...

💵 Entry: $0.061 | Current: $0.184 | P&L: +195.2%
🤖 Bot estimated P: 15% | 🔍 Hermes P: 28%

📊 Factors:
   • Insufficient data for independent estimate
   • Using market price as baseline

⚡ Status: GRAY
---
⚠️ <b>ADVISOR ANALYSIS</b>

📌 Will Marco Rubio win the 2028 US Presidential Election?...

💵 Entry: $0.141 | Current: $0.133 | P&L: -6.0%
🤖 Bot estimated P: 28% | 🔍 Hermes P: 12%

✅ ALIGNED - thesis confirmed

📊 Factors:
   • Donald Trump&#x27;s decision to run in 2028 (if he runs, Rubio&#x27;s primary chances plummet)
   • Rubio&#x27;s ability to consolidate moderate and establishment Republican support against populist rivals

⚡ Status: YELLOW
---
⚠️ <b>ADVISOR ANALYSIS</b>

📌 Will the US acquire part of Greenland in 2026?...

💵 Entry: $0.150 | Current: $0.135 | P&L: -10.0%
🤖 Bot estimated P: 35% | 🔍 Hermes P: 8%

📊 Factors:
   • Outcome of the 2024 US presidential election: a Trump victory increases likelihood of aggressive pursuit; a Democratic win reduces it significantly.
   • Greenlandic and Danish political resistance: any formal referendum in Greenland or strong EU/NATO pressure could deter acquisition efforts.

⚡ Status: YELLOW
---
⚠️ <b>ADVISOR ANALYSIS</b>

📌 Will US withdraw from NATO before 2027?...

💵 Entry: $0.085 | Current: $0.069 | P&L: -19.4%
🤖 Bot estimated P: 12% | 🔍 Hermes P: 4%

✅ ALIGNED - thesis confirmed

📊 Factors:
   • US presidential election outcome in 2024 could bring an isolationist administration
   • Potential failure of NATO allies to meet defense spending commitments leading to US political pressure to withdraw

⚡ Status: YELLOW
---

✅ Analyzed 4 positions
2026-05-26 02:30:03,324 INFO [ADVISOR-SCHED] will-us-withdraw-from-nato-bef... near stop-loss: price=0.0685 stop=0.0595 distance=13.1%
2026-05-26 02:30:41,023 INFO [ADVISOR] will-the-us-acquire-any-part-of-greenlan... cooldown 150m < 240m, suppressing
⚠️ <b>ADVISOR ANALYSIS</b>

📌 Will Renan Santos finish in second place in the first r...

💵 Entry: $0.061 | Current: $0.177 | P&L: +183.2%
🤖 Bot estimated P: 15% | 🔍 Hermes P: 15%

✅ ALIGNED - thesis confirmed

📊 Factors:
   • If Lula or Bolsonaro are barred from running due to legal issues, second place becomes more competitive
   • If Santos secures a major party endorsement or significant campaign funding to boost name recognition

⚡ Status: YELLOW
---
🚨 <b>ADVISOR ANALYSIS</b>

📌 Will Marco Rubio win the 2028 US Presidential Election?...

💵 Entry: $0.141 | Current: $0.133 | P&L: -6.0%
🤖 Bot estimated P: 28% | 🔍 Hermes P: 12%

✅ ALIGNED - thesis confirmed

📊 Factors:
   • Donald Trump&#x27;s decision to run again in 2028 could split the Republican primary or consolidate support against Rubio
   • The strength and identity of the Democratic nominee, which could shift general election dynamics significantly

⚡ Status: RED
---
⚠️ <b>ADVISOR ANALYSIS</b>

📌 Will the US acquire part of Greenland in 2026?...

💵 Entry: $0.150 | Current: $0.135 | P&L: -10.0%
🤖 Bot estimated P: 35% | 🔍 Hermes P: 3%

📊 Factors:
   • A Greenlandic independence referendum before 2026 that leads to a formal offer of association with the US
   • A major shift in US foreign policy under a new administration prioritizing Arctic dominance and negotiating a purchase with Denmark

⚡ Status: YELLOW
---
⚠️ <b>ADVISOR ANALYSIS</b>

📌 Will US withdraw from NATO before 2027?...

💵 Entry: $0.085 | Current: $0.069 | P&L: -19.4%
🤖 Bot estimated P: 12% | 🔍 Hermes P: 3%

✅ ALIGNED - thesis confirmed

📊 Factors:
   • Potential return of Trump presidency with less NATO commitment
   • US Congressional legislation requiring supermajority for NATO withdrawal

⚡ Status: YELLOW
---

✅ Analyzed 4 positions
2026-05-26 03:00:03,108 INFO [ADVISOR-SCHED] will-us-withdraw-from-nato-bef... near stop-loss: price=0.0685 stop=0.0595 distance=13.1%
2026-05-26 03:00:11,158 INFO [ADVISOR] will-renan-santos-finish-in-second-place... P&L=192% >= 50%, suppressing non-critical alert
⚠️ <b>ADVISOR ANALYSIS</b>

📌 Will Renan Santos finish in second place in the first r...

💵 Entry: $0.061 | Current: $0.178 | P&L: +184.8%
🤖 Bot estimated P: 15% | 🔍 Hermes P: 12%

📊 Factors:
   • Bolsonaro&#x27;s electoral eligibility (if banned, second place becomes more competitive, possibly benefiting lesser-known candidates like Santos)
   • Santos&#x27; ability to consolidate the conservative evangelical vote and gain national recognition against stronger candidates (Lula, Ciro Gomes, etc.)

⚡ Status: YELLOW
---
⚠️ <b>ADVISOR ANALYSIS</b>

📌 Will Marco Rubio win the 2028 US Presidential Election?...

💵 Entry: $0.141 | Current: $0.133 | P&L: -6.0%
🤖 Bot estimated P: 28% | 🔍 Hermes P: 10%

✅ ALIGNED - thesis confirmed

📊 Factors:
   • Outcome of 2024 election and Trump&#x27;s eligibility for 2028
   • Rubio&#x27;s primary positioning against potential rivals like DeSantis or Haley

⚡ Status: YELLOW
---
⚠️ <b>ADVISOR ANALYSIS</b>

📌 Will the US acquire part of Greenland in 2026?...

💵 Entry: $0.150 | Current: $0.135 | P&L: -10.0%
🤖 Bot estimated P: 35% | 🔍 Hermes P: 12%

✅ ALIGNED - thesis confirmed

📊 Factors:
   • US presidential election outcome in 2024 shifts Arctic policy
   • Greenlandic independence referendum could change negotiation dynamics

⚡ Status: YELLOW
---
⚠️ <b>ADVISOR ANALYSIS</b>

📌 Will US withdraw from NATO before 2027?...

💵 Entry: $0.085 | Current: $0.069 | P&L: -19.4%
🤖 Bot estimated P: 12% | 🔍 Hermes P: 5%

✅ ALIGNED - thesis confirmed

📊 Factors:
   • Outcome of the 2024 US presidential election
   • NATO members&#x27; progress towards 2% GDP defense spending target

⚡ Status: YELLOW
---

✅ Analyzed 4 positions
2026-05-26 03:30:02,781 INFO [ADVISOR-SCHED] will-us-withdraw-from-nato-bef... near stop-loss: price=0.0685 stop=0.0595 distance=13.1%
2026-05-26 03:30:13,573 INFO [ADVISOR] will-renan-santos-finish-in-second-place... P&L=198% >= 50%, suppressing non-critical alert
2026-05-26 03:30:25,689 INFO [ADVISOR] will-marco-rubio-win-the-2028-us-preside... cooldown 60m < 240m, suppressing
⚠️ <b>ADVISOR ANALYSIS</b>

📌 Will Renan Santos finish in second place in the first r...

💵 Entry: $0.061 | Current: $0.182 | P&L: +191.2%
🤖 Bot estimated P: 15% | 🔍 Hermes P: 10%

📊 Factors:
   • Bolsonaro&#x27;s eligibility and possible endorsement of Santos
   • Santos&#x27; ability to consolidate the right-wing vote against stronger rivals like Tarcísio de Freitas

⚡ Status: YELLOW
---
✅ <b>ADVISOR ANALYSIS</b>

📌 Will Marco Rubio win the 2028 US Presidential Election?...

💵 Entry: $0.141 | Current: $0.133 | P&L: -6.0%
🤖 Bot estimated P: 28% | 🔍 Hermes P: 15%

✅ ALIGNED - thesis confirmed

📊 Factors:
   • Potential impact of Trump&#x27;s 2028 candidacy on Republican primary
   • Strength of primary challengers like DeSantis or Haley

⚡ Status: GREEN
---
⚠️ <b>ADVISOR ANALYSIS</b>

📌 Will the US acquire part of Greenland in 2026?...

💵 Entry: $0.150 | Current: $0.135 | P&L: -10.0%
🤖 Bot estimated P: 35% | 🔍 Hermes P: 10%

✅ ALIGNED - thesis confirmed

📊 Factors:
   • Change in US administration with explicit Greenland acquisition policy
   • Greenland&#x27;s independence referendum leading to a deal with US for partial acquisition

⚡ Status: YELLOW
---
⚠️ <b>ADVISOR ANALYSIS</b>

📌 Will US withdraw from NATO before 2027?...

💵 Entry: $0.085 | Current: $0.069 | P&L: -19.4%
🤖 Bot estimated P: 12% | 🔍 Hermes P: 7%

✅ ALIGNED - thesis confirmed

📊 Factors:
   • Trump winning 2024 election and advocating for NATO withdrawal
   • Constitutional requirement for Senate approval to withdraw from treaties

⚡ Status: YELLOW
---

✅ Analyzed 4 positions
2026-05-26 04:00:03,019 INFO [ADVISOR-SCHED] will-us-withdraw-from-nato-bef... near stop-loss: price=0.0685 stop=0.0595 distance=13.1%
2026-05-26 04:00:18,534 INFO [ADVISOR] will-renan-santos-finish-in-second-place... P&L=198% >= 50%, suppressing non-critical alert
2026-05-26 04:00:34,445 INFO [ADVISOR] will-the-us-acquire-any-part-of-greenlan... cooldown 240m < 240m, suppressing
✅ <b>ADVISOR ANALYSIS</b>

📌 Will Renan Santos finish in second place in the first r...

💵 Entry: $0.061 | Current: $0.181 | P&L: +190.4%
🤖 Bot estimated P: 15% | 🔍 Hermes P: 20%

✅ ALIGNED - thesis confirmed

📊 Factors:
   • Bolsonaro&#x27;s ineligibility ruling that could elevate Renan as main opposition
   • Renan&#x27;s ability to form a broad centrist coalition with major party backing

⚡ Status: GREEN
---
⚠️ <b>ADVISOR ANALYSIS</b>

📌 Will Marco Rubio win the 2028 US Presidential Election?...

💵 Entry: $0.141 | Current: $0.133 | P&L: -6.0%
🤖 Bot estimated P: 28% | 🔍 Hermes P: 12%

✅ ALIGNED - thesis confirmed

📊 Factors:
   • Trump&#x27;s decision to run for a third term, which would dominate the GOP primary and nearly eliminate Rubio&#x27;s chances
   • Rubio&#x27;s ability to consolidate establishment and moderate GOP support against populist alternatives like DeSantis in a post-Trump landscape

⚡ Status: YELLOW
---
⚠️ <b>ADVISOR ANALYSIS</b>

📌 Will the US acquire part of Greenland in 2026?...

💵 Entry: $0.150 | Current: $0.135 | P&L: -10.0%
🤖 Bot estimated P: 35% | 🔍 Hermes P: 8%

📊 Factors:
   • US presidential election outcome in 2024 - a second Trump term would increase likelihood of renewed US push for Greenland acquisition
   • Greenland&#x27;s political status and independence movement - further autonomy or independence could make a deal more plausible, while strong Danish opposition remains a barrier

⚡ Status: YELLOW
---
⚠️ <b>ADVISOR ANALYSIS</b>

📌 Will US withdraw from NATO before 2027?...

💵 Entry: $0.085 | Current: $0.069 | P&L: -19.4%
🤖 Bot estimated P: 12% | 🔍 Hermes P: 3%

✅ ALIGNED - thesis confirmed

📊 Factors:
   • Election of a US president with explicit NATO withdrawal platform in 2024
   • Major geopolitical crisis eroding US trust in NATO allies, leading to unilateral exit

⚡ Status: YELLOW
---

✅ Analyzed 4 positions
2026-05-26 04:30:03,093 INFO [ADVISOR-SCHED] will-us-withdraw-from-nato-bef... near stop-loss: price=0.0685 stop=0.0595 distance=13.1%
2026-05-26 04:30:10,369 INFO [ADVISOR] will-renan-santos-finish-in-second-place... P&L=200% >= 50%, suppressing non-critical alert
⚠️ <b>ADVISOR ANALYSIS</b>

📌 Will Renan Santos finish in second place in the first r...

💵 Entry: $0.061 | Current: $0.183 | P&L: +192.8%
🤖 Bot estimated P: 15% | 🔍 Hermes P: 10%

📊 Factors:
   • Bolsonaro&#x27;s legal status and potential candidacy ban, which could open up second place to another candidate
   • Renan Santos&#x27;s ability to secure a major party coalition and gain national media exposure

⚡ Status: YELLOW
---
⚠️ <b>ADVISOR ANALYSIS</b>

📌 Will Marco Rubio win the 2028 US Presidential Election?...

💵 Entry: $0.141 | Current: $0.133 | P&L: -6.0%
🤖 Bot estimated P: 28% | 🔍 Hermes P: 12%

✅ ALIGNED - thesis confirmed

📊 Factors:
   • Whether Trump endorses Rubio or a rival candidate in the Republican primary
   • Rubio&#x27;s performance in early primary states like Iowa and New Hampshire

⚡ Status: YELLOW
---
⚠️ <b>ADVISOR ANALYSIS</b>

📌 Will the US acquire part of Greenland in 2026?...

💵 Entry: $0.150 | Current: $0.135 | P&L: -10.0%
🤖 Bot estimated P: 35% | 🔍 Hermes P: 8%

📊 Factors:
   • Denmark&#x27;s firm opposition to any sale or transfer of Greenland&#x27;s sovereignty, backed by Greenlandic self-determination
   • A major geopolitical crisis in the Arctic that prompts the US to seek direct control, altering the current political calculus

⚡ Status: YELLOW
---
⚠️ <b>ADVISOR ANALYSIS</b>

📌 Will US withdraw from NATO before 2027?...

💵 Entry: $0.085 | Current: $0.069 | P&L: -19.4%
🤖 Bot estimated P: 12% | 🔍 Hermes P: 4%

✅ ALIGNED - thesis confirmed

📊 Factors:
   • 2024 US presidential election outcome
   • NATO treaty legal and congressional constraints

⚡ Status: YELLOW
---

✅ Analyzed 4 positions
2026-05-26 05:00:02,829 INFO [ADVISOR-SCHED] will-us-withdraw-from-nato-bef... near stop-loss: price=0.0685 stop=0.0595 distance=13.1%
2026-05-26 05:00:11,383 INFO [ADVISOR] will-renan-santos-finish-in-second-place... P&L=208% >= 50%, suppressing non-critical alert
⚠️ <b>ADVISOR ANALYSIS</b>

📌 Will Renan Santos finish in second place in the first r...

💵 Entry: $0.061 | Current: $0.188 | P&L: +200.8%
🤖 Bot estimated P: 15% | 🔍 Hermes P: 8%

📊 Factors:
   • If Lula decides not to run in 2026, the left-wing field could fragment, but Renan Santos (PSOL) still lacks the national recognition and party infrastructure to secure second place, as more established leftist figures like Alckmin or Haddad would likely prevail.
   • Bolsonaro&#x27;s eligibility or a strong right-wing candidate (e.g., Tarcísio de Freitas) would dominate the second position, leaving little room for a fringe leftist candidate; a centrist surge could also crowd out Renan.

⚡ Status: YELLOW
---
⚠️ <b>ADVISOR ANALYSIS</b>

📌 Will Marco Rubio win the 2028 US Presidential Election?...

💵 Entry: $0.141 | Current: $0.133 | P&L: -6.0%
🤖 Bot estimated P: 28% | 🔍 Hermes P: 10%

✅ ALIGNED - thesis confirmed

📊 Factors:
   • Trump&#x27;s 2024 outcome and potential 2028 candidacy
   • Rubio&#x27;s primary campaign strength and early positioning

⚡ Status: YELLOW
---
⚠️ <b>ADVISOR ANALYSIS</b>

📌 Will the US acquire part of Greenland in 2026?...

💵 Entry: $0.150 | Current: $0.135 | P&L: -10.0%
🤖 Bot estimated P: 35% | 🔍 Hermes P: 12%

✅ ALIGNED - thesis confirmed

📊 Factors:
   • A change in US presidential administration in 2025 could deprioritize Greenland acquisition, reducing likelihood.
   • Greenland&#x27;s government may hold a referendum on independence or closer ties with Denmark, complicating any US purchase.

⚡ Status: YELLOW
---
⚠️ <b>ADVISOR ANALYSIS</b>

📌 Will US withdraw from NATO before 2027?...

💵 Entry: $0.085 | Current: $0.069 | P&L: -19.4%
🤖 Bot estimated P: 12% | 🔍 Hermes P: 6%

✅ ALIGNED - thesis confirmed

📊 Factors:
   • Outcome of 2024 US presidential election: a Trump victory significantly raises withdrawal probability, while a Biden win keeps it near zero.
   • Congressional legislative action, such as the NATO Support Act requiring supermajority approval for withdrawal, could further reduce any residual risk.

⚡ Status: YELLOW
---

✅ Analyzed 4 positions
2026-05-26 05:30:02,269 INFO [ADVISOR-SCHED] will-us-withdraw-from-nato-bef... near stop-loss: price=0.0685 stop=0.0595 distance=13.1%
2026-05-26 05:30:20,638 INFO [ADVISOR] will-renan-santos-finish-in-second-place... P&L=202% >= 50%, suppressing non-critical alert
2026-05-26 05:30:31,551 INFO [ADVISOR] will-marco-rubio-win-the-2028-us-preside... cooldown 180m < 240m, suppressing
⚠️ <b>ADVISOR ANALYSIS</b>

📌 Will Renan Santos finish in second place in the first r...

💵 Entry: $0.061 | Current: $0.184 | P&L: +194.4%
🤖 Bot estimated P: 15% | 🔍 Hermes P: 10%

📊 Factors:
   • If Bolsonaro is barred from running, the right-wing vote may coalesce around Renan Santos if he becomes the main alternative
   • A major endorsement from a popular governor or former president could significantly raise his national profile

⚡ Status: YELLOW
---
✅ <b>ADVISOR ANALYSIS</b>

📌 Will Marco Rubio win the 2028 US Presidential Election?...

💵 Entry: $0.141 | Current: $0.133 | P&L: -6.0%
🤖 Bot estimated P: 28% | 🔍 Hermes P: 13%

✅ ALIGNED - thesis confirmed

📊 Factors:
   • Trump&#x27;s 2024 election outcome determines whether he can run in 2028, directly affecting Rubio&#x27;s chances
   • Rubio&#x27;s ability to consolidate moderate and establishment Republican support against potential populist challengers like DeSantis

⚡ Status: GREEN
---
⚠️ <b>ADVISOR ANALYSIS</b>

📌 Will the US acquire part of Greenland in 2026?...

💵 Entry: $0.150 | Current: $0.135 | P&L: -10.0%
🤖 Bot estimated P: 35% | 🔍 Hermes P: 10%

✅ ALIGNED - thesis confirmed

📊 Factors:
   • A shift in Greenland&#x27;s push for independence could create a window for a negotiated purchase with Denmark
   • Escalation of Arctic security tensions (e.g., Chinese/Russian military activity) might increase US urgency to acquire territory

⚡ Status: YELLOW
---
✅ <b>ADVISOR ANALYSIS</b>

📌 Will US withdraw from NATO before 2027?...

💵 Entry: $0.085 | Current: $0.069 | P&L: -19.4%
🤖 Bot estimated P: 12% | 🔍 Hermes P: 7%

✅ ALIGNED - thesis confirmed

📊 Factors:
   • Outcome of the 2024 US presidential election: a Trump victory significantly raises likelihood of NATO withdrawal, while a Biden win keeps it near zero
   • Legal and political hurdles: the one-year notice requirement under Article 13 of the NATO treaty and potential congressional opposition could delay or prevent withdrawal

⚡ Status: GREEN
---

✅ Analyzed 4 positions
2026-05-26 06:00:02,521 INFO [ADVISOR-SCHED] will-us-withdraw-from-nato-bef... near stop-loss: price=0.0685 stop=0.0595 distance=13.1%
2026-05-26 06:00:10,036 INFO [ADVISOR] will-renan-santos-finish-in-second-place... P&L=196% >= 50%, suppressing non-critical alert
2026-05-26 06:00:25,995 INFO [ADVISOR] will-marco-rubio-win-the-2028-us-preside... cooldown 210m < 240m, suppressing
2026-05-26 06:00:30,223 INFO [ADVISOR] will-the-us-acquire-any-part-of-greenlan... cooldown 90m < 240m, suppressing
⚠️ <b>ADVISOR ANALYSIS</b>

📌 Will Renan Santos finish in second place in the first r...

💵 Entry: $0.061 | Current: $0.180 | P&L: +188.8%
🤖 Bot estimated P: 15% | 🔍 Hermes P: 12%

📊 Factors:
   • Major party coalition endorsement or withdrawal of other candidates could shift second-place contest
   • Legal or eligibility issues for top contenders (e.g., Lula or Bolsonaro) could open space for Renan Santos

⚡ Status: YELLOW
---
✅ <b>ADVISOR ANALYSIS</b>

📌 Will Marco Rubio win the 2028 US Presidential Election?...

💵 Entry: $0.141 | Current: $0.133 | P&L: -6.0%
🤖 Bot estimated P: 28% | 🔍 Hermes P: 14%

✅ ALIGNED - thesis confirmed

📊 Factors:
   • Trump&#x27;s 2024 outcome: if Trump wins and is term-limited, Rubio gains as a leading Republican; if Trump loses, he may run in 2028, blocking Rubio.
   • Rubio&#x27;s ability to surpass rivals like DeSantis or Haley in primary debates and fundraising.

⚡ Status: GREEN
---
⚠️ <b>ADVISOR ANALYSIS</b>

📌 Will the US acquire part of Greenland in 2026?...

💵 Entry: $0.150 | Current: $0.135 | P&L: -10.0%
🤖 Bot estimated P: 35% | 🔍 Hermes P: 5%

📊 Factors:
   • Denmark&#x27;s consistent refusal to sell Greenland, reinforced by legal and political constraints on territorial transfer
   • Lack of any official US negotiation framework or bilateral agreement timeline allowing acquisition by 2026

⚡ Status: YELLOW
---
⚠️ <b>ADVISOR ANALYSIS</b>

📌 Will US withdraw from NATO before 2027?...

💵 Entry: $0.085 | Current: $0.069 | P&L: -19.4%
🤖 Bot estimated P: 12% | 🔍 Hermes P: 5%

✅ ALIGNED - thesis confirmed

📊 Factors:
   • Election of a US president with strong anti-NATO stance in 2024
   • Major geopolitical crisis that severely strains NATO alliances

⚡ Status: YELLOW
---

✅ Analyzed 4 positions
2026-05-26 06:30:03,025 INFO [ADVISOR-SCHED] will-us-withdraw-from-nato-bef... near stop-loss: price=0.0685 stop=0.0595 distance=13.1%
2026-05-26 06:30:26,940 INFO [ADVISOR] will-renan-santos-finish-in-second-place... P&L=196% >= 50%, suppressing non-critical alert
2026-05-26 06:30:42,837 INFO [ADVISOR] will-the-us-acquire-any-part-of-greenlan... cooldown 120m < 240m, suppressing
⚠️ <b>ADVISOR ANALYSIS</b>

📌 Will Renan Santos finish in second place in the first r...

💵 Entry: $0.061 | Current: $0.180 | P&L: +188.8%
🤖 Bot estimated P: 15% | 🔍 Hermes P: 12%

📊 Factors:
   • Lula&#x27;s decision to run in 2026 and his endorsement
   • Bolsonaro&#x27;s eligibility and the strength of right-wing alternative candidates

⚡ Status: YELLOW
---
⚠️ <b>ADVISOR ANALYSIS</b>

📌 Will Marco Rubio win the 2028 US Presidential Election?...

💵 Entry: $0.141 | Current: $0.133 | P&L: -6.0%
🤖 Bot estimated P: 28% | 🔍 Hermes P: 11%

✅ ALIGNED - thesis confirmed

📊 Factors:
   • Donald Trump&#x27;s 2024 election outcome: If Trump wins, he is ineligible for 2028, creating an open GOP primary; if he loses, he is likely to run again and dominate the field, severely limiting Rubio&#x27;s chances.
   • Strength of other GOP primary contenders: Rubio faces competition from more popular figures like Ron DeSantis or Nikki Haley, and his moderate profile may struggle to gain traction in a party increasingly aligned with populism.

⚡ Status: YELLOW
---
⚠️ <b>ADVISOR ANALYSIS</b>

📌 Will the US acquire part of Greenland in 2026?...

💵 Entry: $0.150 | Current: $0.135 | P&L: -10.0%
🤖 Bot estimated P: 35% | 🔍 Hermes P: 8%

📊 Factors:
   • US presidential election outcome in 2024: a Trump victory would renew push for Greenland acquisition, while a Biden win would likely deprioritize it
   • Greenlandic and Danish political resistance: any shift in Greenland&#x27;s independence movement or Denmark&#x27;s willingness to negotiate could alter feasibility

⚡ Status: YELLOW
---
⚠️ <b>ADVISOR ANALYSIS</b>

📌 Will US withdraw from NATO before 2027?...

💵 Entry: $0.085 | Current: $0.069 | P&L: -19.4%
🤖 Bot estimated P: 12% | 🔍 Hermes P: 5%

✅ ALIGNED - thesis confirmed

📊 Factors:
   • 2024 US presidential election outcome (Trump win increases likelihood, Biden win decreases)
   • US Congressional ability to block or delay any withdrawal notice

⚡ Status: YELLOW
---

✅ Analyzed 4 positions
2026-05-26 07:00:02,534 INFO [ADVISOR-SCHED] will-us-withdraw-from-nato-bef... near stop-loss: price=0.0685 stop=0.0595 distance=13.1%
2026-05-26 07:00:22,656 INFO [ADVISOR] will-renan-santos-finish-in-second-place... P&L=192% >= 50%, suppressing non-critical alert
2026-05-26 07:00:41,040 INFO [ADVISOR] will-the-us-acquire-any-part-of-greenlan... cooldown 150m < 240m, suppressing
⚠️ <b>ADVISOR ANALYSIS</b>

📌 Will Renan Santos finish in second place in the first r...

💵 Entry: $0.061 | Current: $0.178 | P&L: +184.8%
🤖 Bot estimated P: 15% | 🔍 Hermes P: 12%

📊 Factors:
   • If Lula&#x27;s eligibility or candidacy changes, the electoral landscape shifts drastically, affecting second-place prospects
   • Consolidation of the right-wing vote around a single strong candidate like Tarcísio de Freitas could dwarf Renan Santos&#x27;s chances

⚡ Status: YELLOW
---
⚠️ <b>ADVISOR ANALYSIS</b>

📌 Will Marco Rubio win the 2028 US Presidential Election?...

💵 Entry: $0.141 | Current: $0.133 | P&L: -6.0%
🤖 Bot estimated P: 28% | 🔍 Hermes P: 10%

✅ ALIGNED - thesis confirmed

📊 Factors:
   • Trump&#x27;s endorsement and influence on GOP primary voters
   • Crowded primary field; need to outperform rivals like DeSantis and Haley

⚡ Status: YELLOW
---
⚠️ <b>ADVISOR ANALYSIS</b>

📌 Will the US acquire part of Greenland in 2026?...

💵 Entry: $0.150 | Current: $0.135 | P&L: -10.0%
🤖 Bot estimated P: 35% | 🔍 Hermes P: 8%

📊 Factors:
   • Shift in US foreign policy priorities and diplomatic pressure under the next administration (2025-2026)
   • Greenland&#x27;s internal political dynamics, including potential independence referendum or economic partnership deals with the US

⚡ Status: YELLOW
---
⚠️ <b>ADVISOR ANALYSIS</b>

📌 Will US withdraw from NATO before 2027?...

💵 Entry: $0.085 | Current: $0.069 | P&L: -19.4%
🤖 Bot estimated P: 12% | 🔍 Hermes P: 5%

✅ ALIGNED - thesis confirmed

📊 Factors:
   • 2024 US presidential election outcome: a Trump victory could increase withdrawal risk, but past experience shows even he faced internal and legal barriers.
   • Congressional and legal hurdles: NATO withdrawal likely requires Senate approval (2/3) for treaty termination, providing a strong check against unilateral executive action.

⚡ Status: YELLOW
---

✅ Analyzed 4 positions
2026-05-26 07:30:02,435 INFO [ADVISOR-SCHED] will-us-withdraw-from-nato-bef... near stop-loss: price=0.0685 stop=0.0595 distance=13.1%
⚠️ <b>ADVISOR ANALYSIS</b>

📌 Will Renan Santos finish in second place in the first r...

💵 Entry: $0.061 | Current: $0.178 | P&L: +184.8%
🤖 Bot estimated P: 15% | 🔍 Hermes P: 15%

✅ ALIGNED - thesis confirmed

📊 Factors:
   • Bolsonaro&#x27;s legal situation: If his ban is overturned, he becomes the dominant right-wing candidate, vastly reducing Renan Santos&#x27;s chances of finishing second.
   • Formation of a unified right-wing coalition: If major right-wing figures like Tarcisio de Freitas unite behind a single candidate, Renan Santos would be marginalized.

⚡ Status: YELLOW
---
⚠️ <b>ADVISOR ANALYSIS</b>

📌 Will Marco Rubio win the 2028 US Presidential Election?...

💵 Entry: $0.141 | Current: $0.133 | P&L: -6.0%
🤖 Bot estimated P: 28% | 🔍 Hermes P: 14%

✅ ALIGNED - thesis confirmed

📊 Factors:
   • Trump&#x27;s decision to run again in 2028; if he does, Rubio&#x27;s path to nomination narrows significantly
   • Rubio&#x27;s ability to unify the GOP&#x27;s establishment and MAGA factions, which will determine his primary strength

⚡ Status: YELLOW
---
⚠️ <b>ADVISOR ANALYSIS</b>

📌 Will the US acquire part of Greenland in 2026?...

💵 Entry: $0.150 | Current: $0.135 | P&L: -10.0%
🤖 Bot estimated P: 35% | 🔍 Hermes P: 10%

✅ ALIGNED - thesis confirmed

📊 Factors:
   • Renewed US presidential push for acquisition following 2024 election
   • Greenlandic independence movement gaining momentum, enabling direct negotiations without Danish veto

⚡ Status: YELLOW
---
⚠️ <b>ADVISOR ANALYSIS</b>

📌 Will US withdraw from NATO before 2027?...

💵 Entry: $0.085 | Current: $0.069 | P&L: -19.4%
🤖 Bot estimated P: 12% | 🔍 Hermes P: 4%

✅ ALIGNED - thesis confirmed

📊 Factors:
   • Trump&#x27;s potential 2024 election victory could increase withdrawal rhetoric, but Senate and defense establishment resistance remains strong.
   • A major European ally failing to meet NATO defense spending commitments might trigger a crisis, but actual withdrawal still unlikely before 2027.

⚡ Status: YELLOW
---

✅ Analyzed 4 positions
2026-05-26 08:00:02,636 INFO [ADVISOR-SCHED] will-us-withdraw-from-nato-bef... near stop-loss: price=0.0685 stop=0.0595 distance=13.1%
2026-05-26 08:00:23,768 INFO [ADVISOR] will-renan-santos-finish-in-second-place... P&L=192% >= 50%, suppressing non-critical alert
✅ <b>ADVISOR ANALYSIS</b>

📌 Will Renan Santos finish in second place in the first r...

💵 Entry: $0.061 | Current: $0.178 | P&L: +184.8%
🤖 Bot estimated P: 15% | 🔍 Hermes P: 20%

✅ ALIGNED - thesis confirmed

📊 Factors:
   • Bolsonaro&#x27;s legal eligibility to run in 2026
   • Renan Santos&#x27;s ability to secure strong campaign financing and media exposure

⚡ Status: GREEN
---
⚠️ <b>ADVISOR ANALYSIS</b>

📌 Will Marco Rubio win the 2028 US Presidential Election?...

💵 Entry: $0.141 | Current: $0.133 | P&L: -6.0%
🤖 Bot estimated P: 28% | 🔍 Hermes P: 12%

✅ ALIGNED - thesis confirmed

📊 Factors:
   • Whether Donald Trump runs again in 2028, which would dominate the Republican primary and reduce Rubio&#x27;s chances
   • Rubio&#x27;s ability to consolidate moderate and establishment support while appealing to the MAGA base in a crowded field

⚡ Status: YELLOW
---
⚠️ <b>ADVISOR ANALYSIS</b>

📌 Will the US acquire part of Greenland in 2026?...

💵 Entry: $0.150 | Current: $0.135 | P&L: -10.0%
🤖 Bot estimated P: 35% | 🔍 Hermes P: 12%

✅ ALIGNED - thesis confirmed

📊 Factors:
   • Change in US administration to expansionist policy in 2025 elections
   • Greenland&#x27;s independence referendum leading to US partnership treaty

⚡ Status: YELLOW
---
⚠️ <b>ADVISOR ANALYSIS</b>

📌 Will US withdraw from NATO before 2027?...

💵 Entry: $0.085 | Current: $0.069 | P&L: -19.4%
🤖 Bot estimated P: 12% | 🔍 Hermes P: 5%

✅ ALIGNED - thesis confirmed

📊 Factors:
   • If Donald Trump wins the 2024 US presidential election and follows through on his past threats to withdraw from NATO
   • If NATO allies fail to meet defense spending commitments (2% GDP) by 2026, fueling US domestic political pressure for withdrawal

⚡ Status: YELLOW
---

✅ Analyzed 4 positions
2026-05-26 08:30:01,926 INFO [ADVISOR-SCHED] will-us-withdraw-from-nato-bef... near stop-loss: price=0.0685 stop=0.0595 distance=13.1%
2026-05-26 08:30:16,931 INFO [ADVISOR] will-renan-santos-finish-in-second-place... P&L=191% >= 50%, suppressing non-critical alert
⚠️ <b>ADVISOR ANALYSIS</b>

📌 Will Renan Santos finish in second place in the first r...

💵 Entry: $0.061 | Current: $0.177 | P&L: +184.0%
🤖 Bot estimated P: 15% | 🔍 Hermes P: 10%

📊 Factors:
   • Candidate lacks major party and national recognition
   • Brazilian electoral system favors top two mainstream candidates

⚡ Status: YELLOW
---
✅ <b>ADVISOR ANALYSIS</b>

📌 Will Marco Rubio win the 2028 US Presidential Election?...

💵 Entry: $0.141 | Current: $0.133 | P&L: -6.0%
🤖 Bot estimated P: 28% | 🔍 Hermes P: 15%

✅ ALIGNED - thesis confirmed

📊 Factors:
   • Trump&#x27;s decision to run in 2028: if he enters the Republican primary, Rubio&#x27;s path narrows dramatically
   • Rubio&#x27;s ability to unify the GOP establishment and conservative wings against populist challengers like DeSantis

⚡ Status: GREEN
---
⚠️ <b>ADVISOR ANALYSIS</b>

📌 Will the US acquire part of Greenland in 2026?...

💵 Entry: $0.150 | Current: $0.135 | P&L: -10.0%
🤖 Bot estimated P: 35% | 🔍 Hermes P: 8%

📊 Factors:
   • A referendum in Greenland showing majority support for joining the US, possibly triggered by a major economic incentive package
   • A dramatic shift in Arctic geopolitics, such as a military conflict or strategic threat, prompting the US to force a territorial acquisition

⚡ Status: YELLOW
---
⚠️ <b>ADVISOR ANALYSIS</b>

📌 Will US withdraw from NATO before 2027?...

💵 Entry: $0.085 | Current: $0.069 | P&L: -19.4%
🤖 Bot estimated P: 12% | 🔍 Hermes P: 4%

✅ ALIGNED - thesis confirmed

📊 Factors:
   • US presidential election outcome in 2024 leading to a hostile administration
   • European allies&#x27; defense spending shortfalls fueling US discontent

⚡ Status: YELLOW
---

✅ Analyzed 4 positions
2026-05-26 09:00:01,918 INFO [ADVISOR-SCHED] will-us-withdraw-from-nato-bef... near stop-loss: price=0.0685 stop=0.0595 distance=13.1%
2026-05-26 09:00:32,017 INFO [ADVISOR] will-marco-rubio-win-the-2028-us-preside... cooldown 30m < 240m, suppressing
2026-05-26 09:00:38,018 INFO [ADVISOR] will-the-us-acquire-any-part-of-greenlan... cooldown 30m < 240m, suppressing
⚠️ <b>ADVISOR ANALYSIS</b>

📌 Will Renan Santos finish in second place in the first r...

💵 Entry: $0.061 | Current: $0.180 | P&L: +188.8%
🤖 Bot estimated P: 15% | 🔍 Hermes P: 15%

✅ ALIGNED - thesis confirmed

📊 Factors:
   • Lula&#x27;s candidacy status and polling strength
   • Bolsonaro&#x27;s legal disqualification risk

⚡ Status: YELLOW
---
✅ <b>ADVISOR ANALYSIS</b>

📌 Will Marco Rubio win the 2028 US Presidential Election?...

💵 Entry: $0.141 | Current: $0.132 | P&L: -6.7%
🤖 Bot estimated P: 28% | 🔍 Hermes P: 16%

✅ ALIGNED - thesis confirmed

📊 Factors:
   • Whether Trump endorses Rubio or a rival in the Republican primary, which could dramatically shift delegate support and media attention
   • A major geopolitical or economic crisis in 2027-2028 that could advantage Rubio&#x27;s foreign policy experience as a Senator and former candidate

⚡ Status: GREEN
---
⚠️ <b>ADVISOR ANALYSIS</b>

📌 Will the US acquire part of Greenland in 2026?...

💵 Entry: $0.150 | Current: $0.135 | P&L: -10.0%
🤖 Bot estimated P: 35% | 🔍 Hermes P: 8%

📊 Factors:
   • A shift in Danish or Greenlandic political leadership towards accepting a negotiated sale or lease agreement
   • A significant escalation in Arctic geopolitical tensions that compels the US to prioritize strategic control over Greenland

⚡ Status: YELLOW
---
⚠️ <b>ADVISOR ANALYSIS</b>

📌 Will US withdraw from NATO before 2027?...

💵 Entry: $0.085 | Current: $0.069 | P&L: -19.4%
🤖 Bot estimated P: 12% | 🔍 Hermes P: 7%

✅ ALIGNED - thesis confirmed

📊 Factors:
   • 2024 US presidential election outcome: victory by a NATO-skeptic candidate (e.g., Trump) would significantly raise withdrawal odds
   • Legislative barriers: current laws require Senate approval for NATO exit, and bipartisan support makes such a vote improbable before 2027

⚡ Status: YELLOW
---

✅ Analyzed 4 positions
2026-05-26 09:30:02,826 INFO [ADVISOR-SCHED] will-us-withdraw-from-nato-bef... near stop-loss: price=0.0685 stop=0.0595 distance=13.1%
2026-05-26 09:30:33,803 INFO [ADVISOR] will-the-us-acquire-any-part-of-greenlan... cooldown 60m < 240m, suppressing
⚠️ <b>ADVISOR ANALYSIS</b>

📌 Will Renan Santos finish in second place in the first r...

💵 Entry: $0.061 | Current: $0.180 | P&L: +188.8%
🤖 Bot estimated P: 15% | 🔍 Hermes P: 14%

✅ ALIGNED - thesis confirmed

📊 Factors:
   • If Lula&#x27;s approval rating remains above 40%, the opposition vote may consolidate around a single strong challenger, reducing Renan Santos&#x27;s chances of second place.
   • A sudden scandal or legal disqualification affecting a frontrunner (e.g., Bolsonaro) could open a path for Santos, increasing his probability.

⚡ Status: YELLOW
---
⚠️ <b>ADVISOR ANALYSIS</b>

📌 Will Marco Rubio win the 2028 US Presidential Election?...

💵 Entry: $0.141 | Current: $0.132 | P&L: -6.7%
🤖 Bot estimated P: 28% | 🔍 Hermes P: 10%

✅ ALIGNED - thesis confirmed

📊 Factors:
   • Trump&#x27;s potential 2028 candidacy and his influence on Republican primary voters
   • Rubio&#x27;s ability to consolidate moderate and establishment Republican support against populist alternatives

⚡ Status: YELLOW
---
⚠️ <b>ADVISOR ANALYSIS</b>

📌 Will the US acquire part of Greenland in 2026?...

💵 Entry: $0.150 | Current: $0.135 | P&L: -10.0%
🤖 Bot estimated P: 35% | 🔍 Hermes P: 8%

📊 Factors:
   • A sudden shift in Greenlandic independence sentiment leading to a referendum on closer ties with the US
   • US Congress passing a bill authorizing negotiations or offering a substantial financial package to Denmark/Greenland

⚡ Status: YELLOW
---
⚠️ <b>ADVISOR ANALYSIS</b>

📌 Will US withdraw from NATO before 2027?...

💵 Entry: $0.085 | Current: $0.069 | P&L: -19.4%
🤖 Bot estimated P: 12% | 🔍 Hermes P: 3%

✅ ALIGNED - thesis confirmed

📊 Factors:
   • US presidential election outcome in 2024: if a NATO-skeptic president wins, could increase withdrawal risk, but legislative hurdles remain high.
   • A major transatlantic rupture over defense spending or trade, leading to a political crisis that weakens NATO&#x27;s cohesion, but still unlikely to trigger formal withdrawal before 2027.

⚡ Status: YELLOW
---

✅ Analyzed 4 positions
2026-05-26 10:00:02,883 INFO [ADVISOR-SCHED] will-us-withdraw-from-nato-bef... near stop-loss: price=0.0685 stop=0.0595 distance=13.1%
⚠️ <b>ADVISOR ANALYSIS</b>

📌 Will Renan Santos finish in second place in the first r...

💵 Entry: $0.061 | Current: $0.180 | P&L: +188.8%
🤖 Bot estimated P: 15% | 🔍 Hermes P: 15%

✅ ALIGNED - thesis confirmed

📊 Factors:
   • Legal eligibility of top candidates (Lula and Bolsonaro) could drastically alter second place dynamics
   • Renan Santos&#x27;s campaign funding and coalition support in key states

⚡ Status: YELLOW
---
⚠️ <b>ADVISOR ANALYSIS</b>

📌 Will Marco Rubio win the 2028 US Presidential Election?...

💵 Entry: $0.141 | Current: $0.132 | P&L: -6.7%
🤖 Bot estimated P: 28% | 🔍 Hermes P: 12%

✅ ALIGNED - thesis confirmed

📊 Factors:
   • Outcome of the 2024 US presidential election (Trump&#x27;s eligibility and party influence)
   • Rubio&#x27;s positioning relative to other potential Republican candidates like DeSantis, Haley, or new entrants

⚡ Status: YELLOW
---
⚠️ <b>ADVISOR ANALYSIS</b>

📌 Will the US acquire part of Greenland in 2026?...

💵 Entry: $0.150 | Current: $0.135 | P&L: -10.0%
🤖 Bot estimated P: 35% | 🔍 Hermes P: 12%

✅ ALIGNED - thesis confirmed

📊 Factors:
   • Outcome of the 2024 US presidential election, particularly if a more expansionist candidate wins
   • Greenland&#x27;s potential referendum on independence, which could alter the political landscape for acquisition

⚡ Status: YELLOW
---
⚠️ <b>ADVISOR ANALYSIS</b>

📌 Will US withdraw from NATO before 2027?...

💵 Entry: $0.085 | Current: $0.069 | P&L: -19.4%
🤖 Bot estimated P: 12% | 🔍 Hermes P: 4%

✅ ALIGNED - thesis confirmed

📊 Factors:
   • 2024 US presidential election outcome (Trump victory increases withdrawal probability)
   • NATO reform package addressing US cost-sharing demands (could reduce withdrawal risk)

⚡ Status: YELLOW
---

✅ Analyzed 4 positions
2026-05-26 10:30:02,287 INFO [ADVISOR-SCHED] will-us-withdraw-from-nato-bef... near stop-loss: price=0.0685 stop=0.0595 distance=13.1%
2026-05-26 10:30:22,259 INFO [ADVISOR] will-renan-santos-finish-in-second-place... P&L=196% >= 50%, suppressing non-critical alert
2026-05-26 10:30:39,591 INFO [ADVISOR] will-the-us-acquire-any-part-of-greenlan... cooldown 120m < 240m, suppressing
⚠️ <b>ADVISOR ANALYSIS</b>

📌 Will Renan Santos finish in second place in the first r...

💵 Entry: $0.061 | Current: $0.180 | P&L: +188.8%
🤖 Bot estimated P: 15% | 🔍 Hermes P: 12%

📊 Factors:
   • If Renan Santos secures endorsement from a major party like PT or PSDB, his chances could increase significantly
   • If current frontrunners (e.g., Lula, Tarcísio) become ineligible or withdraw, the race opens up for lesser-known candidates

⚡ Status: YELLOW
---
⚠️ <b>ADVISOR ANALYSIS</b>

📌 Will Marco Rubio win the 2028 US Presidential Election?...

💵 Entry: $0.141 | Current: $0.132 | P&L: -6.7%
🤖 Bot estimated P: 28% | 🔍 Hermes P: 12%

✅ ALIGNED - thesis confirmed

📊 Factors:
   • Strong primary competition from other Republicans like DeSantis or Haley could prevent Rubio from securing the nomination
   • General election dynamics, including the Democratic nominee and macroeconomic conditions, heavily influence the outcome

⚡ Status: YELLOW
---
⚠️ <b>ADVISOR ANALYSIS</b>

📌 Will the US acquire part of Greenland in 2026?...

💵 Entry: $0.150 | Current: $0.135 | P&L: -10.0%
🤖 Bot estimated P: 35% | 🔍 Hermes P: 3%

📊 Factors:
   • Change in US administration and foreign policy priorities reducing interest in Greenland acquisition
   • Greenlandic or Danish political developments that could increase resistance or offer alternative arrangements

⚡ Status: YELLOW
---
⚠️ <b>ADVISOR ANALYSIS</b>

📌 Will US withdraw from NATO before 2027?...

💵 Entry: $0.085 | Current: $0.069 | P&L: -19.4%
🤖 Bot estimated P: 12% | 🔍 Hermes P: 3%

✅ ALIGNED - thesis confirmed

📊 Factors:
   • Congressional legislative constraints (NATO Support Act of 2023) requiring Senate approval for withdrawal
   • US presidential election outcome in 2024, particularly a potential Trump victory increasing withdrawal rhetoric

⚡ Status: YELLOW
---

✅ Analyzed 4 positions
2026-05-26 11:00:02,241 INFO [ADVISOR-SCHED] will-us-withdraw-from-nato-bef... near stop-loss: price=0.0685 stop=0.0595 distance=13.1%
2026-05-26 11:00:23,534 INFO [ADVISOR] will-the-us-acquire-any-part-of-greenlan... cooldown 150m < 240m, suppressing
🚨 <b>ADVISOR ANALYSIS</b>

📌 Will Renan Santos finish in second place in the first r...

💵 Entry: $0.061 | Current: $0.180 | P&L: +188.8%
🤖 Bot estimated P: 15% | 🔍 Hermes P: 15%

✅ ALIGNED - thesis confirmed

📊 Factors:
   • Bolsonaro&#x27;s legal eligibility for 2026 election
   • Renan Santos&#x27;s ability to unify center-right opposition

⚡ Status: RED
---
⚠️ <b>ADVISOR ANALYSIS</b>

📌 Will Marco Rubio win the 2028 US Presidential Election?...

💵 Entry: $0.141 | Current: $0.132 | P&L: -6.7%
🤖 Bot estimated P: 28% | 🔍 Hermes P: 11%

✅ ALIGNED - thesis confirmed

📊 Factors:
   • Donald Trump&#x27;s potential candidacy in 2028 significantly reducing Rubio&#x27;s primary chances
   • Rubio&#x27;s ability to build a broad coalition and raise funds as a more moderate Republican candidate

⚡ Status: YELLOW
---
⚠️ <b>ADVISOR ANALYSIS</b>

📌 Will the US acquire part of Greenland in 2026?...

💵 Entry: $0.150 | Current: $0.135 | P&L: -10.0%
🤖 Bot estimated P: 35% | 🔍 Hermes P: 8%

📊 Factors:
   • A dramatic shift in US foreign policy prioritizing territorial expansion, such as a new administration or national security crisis framing Greenland as critical
   • Greenlandic independence movement gaining traction leading to a referendum and subsequent US-Greenland negotiations

⚡ Status: YELLOW
---
⚠️ <b>ADVISOR ANALYSIS</b>

📌 Will US withdraw from NATO before 2027?...

💵 Entry: $0.085 | Current: $0.069 | P&L: -19.4%
🤖 Bot estimated P: 12% | 🔍 Hermes P: 7%

✅ ALIGNED - thesis confirmed

📊 Factors:
   • A Trump victory in 2024 with Republican Senate could enable withdrawal process
   • A NATO-Russia direct confrontation would make withdrawal politically impossible

⚡ Status: YELLOW
---

✅ Analyzed 4 positions
2026-05-26 11:30:02,164 INFO [ADVISOR-SCHED] will-us-withdraw-from-nato-bef... near stop-loss: price=0.0685 stop=0.0595 distance=13.1%
2026-05-26 11:30:16,955 INFO [ADVISOR] will-renan-santos-finish-in-second-place... P&L=196% >= 50%, suppressing non-critical alert
2026-05-26 11:30:28,350 INFO [ADVISOR] will-marco-rubio-win-the-2028-us-preside... cooldown 180m < 240m, suppressing
⚠️ <b>ADVISOR ANALYSIS</b>

📌 Will Renan Santos finish in second place in the first r...

💵 Entry: $0.061 | Current: $0.180 | P&L: +188.8%
🤖 Bot estimated P: 15% | 🔍 Hermes P: 8%

📊 Factors:
   • Lula&#x27;s legal status regarding candidacy (e.g., Supreme Court ruling on Lava Jato convictions)
   • Bolsonaro&#x27;s eligibility (e.g., potential ineligibility due to investigations into election fraud claims)

⚡ Status: YELLOW
---
✅ <b>ADVISOR ANALYSIS</b>

📌 Will Marco Rubio win the 2028 US Presidential Election?...

💵 Entry: $0.141 | Current: $0.132 | P&L: -6.7%
🤖 Bot estimated P: 28% | 🔍 Hermes P: 18%

✅ ALIGNED - thesis confirmed

📊 Factors:
   • Trump&#x27;s endorsement or opposition significantly affects Rubio&#x27;s primary chances
   • Strength of primary challengers like DeSantis or Vance could erode his support

⚡ Status: GREEN
---
⚠️ <b>ADVISOR ANALYSIS</b>

📌 Will the US acquire part of Greenland in 2026?...

💵 Entry: $0.150 | Current: $0.135 | P&L: -10.0%
🤖 Bot estimated P: 35% | 🔍 Hermes P: 12%

✅ ALIGNED - thesis confirmed

📊 Factors:
   • US presidential election outcome in 2024 leads to aggressive territorial expansion policy
   • Greenland holds independence referendum and subsequently negotiates association with US

⚡ Status: YELLOW
---
⚠️ <b>ADVISOR ANALYSIS</b>

📌 Will US withdraw from NATO before 2027?...

💵 Entry: $0.085 | Current: $0.069 | P&L: -19.4%
🤖 Bot estimated P: 12% | 🔍 Hermes P: 5%

✅ ALIGNED - thesis confirmed

📊 Factors:
   • If Donald Trump wins the 2024 election and Republicans secure a filibuster-proof Senate majority, withdrawal becomes more plausible
   • A sharp reduction in Russian threat (e.g., ceasefire in Ukraine) could weaken NATO&#x27;s perceived value, lowering political barriers to withdrawal

⚡ Status: YELLOW
---

✅ Analyzed 4 positions
2026-05-26 12:00:02,459 INFO [ADVISOR-SCHED] will-us-withdraw-from-nato-bef... near stop-loss: price=0.0685 stop=0.0595 distance=13.1%
2026-05-26 12:00:16,348 INFO [ADVISOR] will-renan-santos-finish-in-second-place... P&L=196% >= 50%, suppressing non-critical alert
⚠️ <b>ADVISOR ANALYSIS</b>

📌 Will Renan Santos finish in second place in the first r...

💵 Entry: $0.061 | Current: $0.180 | P&L: +188.8%
🤖 Bot estimated P: 15% | 🔍 Hermes P: 8%

📊 Factors:
   • Bolsonaro&#x27;s potential ineligibility could open second place to multiple candidates, reducing Renan&#x27;s odds relative to better-known alternatives like Ciro Gomes or Simone Tebet
   • Renan Santos lacks national name recognition and a strong party base, making a second-place finish highly unlikely absent a major political realignment

⚡ Status: YELLOW
---
⚠️ <b>ADVISOR ANALYSIS</b>

📌 Will Marco Rubio win the 2028 US Presidential Election?...

💵 Entry: $0.141 | Current: $0.132 | P&L: -6.7%
🤖 Bot estimated P: 28% | 🔍 Hermes P: 13%

✅ ALIGNED - thesis confirmed

📊 Factors:
   • If Donald Trump announces he will run for president in 2028, Rubio&#x27;s probability would drop significantly as Trump would dominate the Republican primary.
   • Rubio&#x27;s ability to secure key endorsements from conservative media and establishment donors could boost his chances, but currently he lacks a clear path to nomination.

⚡ Status: YELLOW
---
⚠️ <b>ADVISOR ANALYSIS</b>

📌 Will the US acquire part of Greenland in 2026?...

💵 Entry: $0.150 | Current: $0.135 | P&L: -10.0%
🤖 Bot estimated P: 35% | 🔍 Hermes P: 10%

✅ ALIGNED - thesis confirmed

📊 Factors:
   • Renewed US presidential interest in territorial expansion or strategic acquisitions
   • Greenland&#x27;s movement toward independence and potential bilateral deals with the US

⚡ Status: YELLOW
---
⚠️ <b>ADVISOR ANALYSIS</b>

📌 Will US withdraw from NATO before 2027?...

💵 Entry: $0.085 | Current: $0.069 | P&L: -19.4%
🤖 Bot estimated P: 12% | 🔍 Hermes P: 7%

✅ ALIGNED - thesis confirmed

📊 Factors:
   • 2024 US presidential election outcome
   • NATO Article 5 commitment during a major crisis

⚡ Status: YELLOW
---

✅ Analyzed 4 positions
2026-05-26 12:30:02,885 INFO [ADVISOR-SCHED] will-us-withdraw-from-nato-bef... near stop-loss: price=0.0685 stop=0.0595 distance=13.1%
2026-05-26 12:30:13,375 INFO [ADVISOR] will-renan-santos-finish-in-second-place... P&L=196% >= 50%, suppressing non-critical alert
2026-05-26 12:30:26,416 INFO [ADVISOR] will-the-us-acquire-any-part-of-greenlan... cooldown 240m < 240m, suppressing
⚠️ <b>ADVISOR ANALYSIS</b>

📌 Will Renan Santos finish in second place in the first r...

💵 Entry: $0.061 | Current: $0.180 | P&L: +188.8%
🤖 Bot estimated P: 15% | 🔍 Hermes P: 5%

📊 Factors:
   • Bolsonaro&#x27;s eligibility and potential endorsement of Santos as his successor
   • Strength and number of other opposition candidates (e.g., Tarcísio de Freitas, Ciro Gomes) that could claim second place

⚡ Status: YELLOW
---
⚠️ <b>ADVISOR ANALYSIS</b>

📌 Will Marco Rubio win the 2028 US Presidential Election?...

💵 Entry: $0.141 | Current: $0.132 | P&L: -6.7%
🤖 Bot estimated P: 28% | 🔍 Hermes P: 9%

✅ ALIGNED - thesis confirmed

📊 Factors:
   • Trump&#x27;s endorsement power in the 2028 Republican primary, which could elevate Rubio from a long-shot to frontrunner
   • Shifts in GOP voter sentiment toward or away from establishment figures versus populist candidates like Vance or DeSantis

⚡ Status: YELLOW
---
⚠️ <b>ADVISOR ANALYSIS</b>

📌 Will the US acquire part of Greenland in 2026?...

💵 Entry: $0.150 | Current: $0.140 | P&L: -6.7%
🤖 Bot estimated P: 35% | 🔍 Hermes P: 7%

📊 Factors:
   • Renewed US presidential interest following 2024 election (e.g., Trump victory) could revive acquisition talks
   • Discovery or exploitation of significant rare earth or mineral deposits in Greenland may increase strategic value and willingness to negotiate

⚡ Status: YELLOW
---
⚠️ <b>ADVISOR ANALYSIS</b>

📌 Will US withdraw from NATO before 2027?...

💵 Entry: $0.085 | Current: $0.069 | P&L: -19.4%
🤖 Bot estimated P: 12% | 🔍 Hermes P: 4%

✅ ALIGNED - thesis confirmed

📊 Factors:
   • Outcome of the 2024 US presidential election and the resulting administration&#x27;s foreign policy stance toward NATO
   • Potential shift in US public opinion or elite consensus due to a major geopolitical crisis or NATO internal conflict

⚡ Status: YELLOW
---

✅ Analyzed 4 positions
2026-05-26 13:00:02,806 INFO [ADVISOR-SCHED] will-us-withdraw-from-nato-bef... near stop-loss: price=0.0685 stop=0.0595 distance=13.1%
⚠️ <b>ADVISOR ANALYSIS</b>

📌 Will Renan Santos finish in second place in the first r...

💵 Entry: $0.061 | Current: $0.180 | P&L: +188.8%
🤖 Bot estimated P: 15% | 🔍 Hermes P: 15%

✅ ALIGNED - thesis confirmed

📊 Factors:
   • Renan Santos&#x27;s polling average stagnates below 5%, far from second-place contenders
   • A major candidate like Tarcisio de Freitas or Ciro Gomes consolidates the opposition vote

⚡ Status: YELLOW
---
⚠️ <b>ADVISOR ANALYSIS</b>

📌 Will Marco Rubio win the 2028 US Presidential Election?...

💵 Entry: $0.141 | Current: $0.132 | P&L: -6.7%
🤖 Bot estimated P: 28% | 🔍 Hermes P: 10%

✅ ALIGNED - thesis confirmed

📊 Factors:
   • Trump&#x27;s 2024 election outcome and whether he runs in 2028, which could dominate the Republican primary
   • Rubio&#x27;s ability to consolidate establishment and Latino support against rivals like DeSantis or Haley

⚡ Status: YELLOW
---
⚠️ <b>ADVISOR ANALYSIS</b>

📌 Will the US acquire part of Greenland in 2026?...

💵 Entry: $0.150 | Current: $0.140 | P&L: -6.7%
🤖 Bot estimated P: 35% | 🔍 Hermes P: 10%

✅ ALIGNED - thesis confirmed

📊 Factors:
   • A second Trump presidency reviving the purchase proposal with strong diplomatic pressure on Denmark
   • A significant Chinese or Russian military buildup in Greenland prompting US strategic intervention and acquisition

⚡ Status: YELLOW
---
⚠️ <b>ADVISOR ANALYSIS</b>

📌 Will US withdraw from NATO before 2027?...

💵 Entry: $0.085 | Current: $0.069 | P&L: -19.4%
🤖 Bot estimated P: 12% | 🔍 Hermes P: 6%

✅ ALIGNED - thesis confirmed

📊 Factors:
   • Donald Trump&#x27;s re-election and potential second-term push to withdraw from NATO
   • Shifts in US congressional and public opinion on NATO burden-sharing and alliance value

⚡ Status: YELLOW
---

✅ Analyzed 4 positions
